#
# There is insufficient memory for the Java Runtime Environment to continue.
# Native memory allocation (malloc) failed to allocate 270496 bytes for Chunk::new
# Possible reasons:
#   The system is out of physical RAM or swap space
#   The process is running with CompressedOops enabled, and the Java Heap may be blocking the growth of the native heap
# Possible solutions:
#   Reduce memory load on the system
#   Increase physical memory or swap space
#   Check if swap backing store is full
#   Decrease Java heap size (-Xmx/-Xms)
#   Decrease number of Java threads
#   Decrease Java thread stack sizes (-Xss)
#   Set larger code cache with -XX:ReservedCodeCacheSize=
#   JVM is running with Unscaled Compressed Oops mode in which the Java heap is
#     placed in the first 4GB address space. The Java Heap base address is the
#     maximum limit for the native heap growth. Please use -XX:HeapBaseMinAddress
#     to set the Java Heap base and to place the Java Heap above 4GB virtual address.
# This output file may be truncated or incomplete.
#
#  Out of Memory Error (arena.cpp:184), pid=7456, tid=7288
#
# JRE version: Java(TM) SE Runtime Environment (19.0.2+7) (build 19.0.2+7-44)
# Java VM: Java HotSpot(TM) 64-Bit Server VM (19.0.2+7-44, mixed mode, sharing, tiered, compressed oops, compressed class ptrs, g1 gc, windows-amd64)
# No core dump will be written. Minidumps are not enabled by default on client versions of Windows
#

---------------  S U M M A R Y ------------

Command Line: -Dfile.encoding=UTF-8 --module-path=C:\Users\rajor\eclipse-workspace\BankManagementSystem\bin;C:\Users\rajor\eclipse-workspace\BankManagementSystem\src\drive-download-20230923T095932Z-001\jcalendar-tz-1.3.3-4.jar;C:\Users\rajor\OneDrive\Desktop\mysql-connector-j-8.1.0\mysql-connector-j-8.1.0\mysql-connector-j-8.1.0.jar -XX:+ShowCodeDetailsInExceptionMessages -Djdk.module.main=BankManagementSystem BankManagementSystem/bank.management.system.SignUpThree

Host: AMD Ryzen 3 5300U with Radeon Graphics         , 8 cores, 5G,  Windows 11 , 64 bit Build 22621 (10.0.22621.2215)
Time: Mon Sep 25 16:38:43 2023 India Standard Time elapsed time: 1.023498 seconds (0d 0h 0m 1s)

---------------  T H R E A D  ---------------

Current thread (0x000001d378afa510):  JavaThread "C2 CompilerThread0" daemon [_thread_in_native, id=7288, stack(0x000000180e400000,0x000000180e500000)]


Current CompileTask:
C2:   1023 1113   !   4       sun.font.TrueTypeFont::getTableBuffer (215 bytes)

Stack: [0x000000180e400000,0x000000180e500000]
Native frames: (J=compiled Java code, j=interpreted, Vv=VM code, C=native code)
V  [jvm.dll+0x6ee21a]
V  [jvm.dll+0x85765e]
V  [jvm.dll+0x85904e]
V  [jvm.dll+0x859703]
V  [jvm.dll+0x28298f]
V  [jvm.dll+0xc9adf]
V  [jvm.dll+0xc9e65]
V  [jvm.dll+0x2f7caf]
V  [jvm.dll+0x5f076b]
V  [jvm.dll+0x255483]
V  [jvm.dll+0x24de26]
V  [jvm.dll+0x24b673]
V  [jvm.dll+0x1d6ce1]
V  [jvm.dll+0x25b25a]
V  [jvm.dll+0x2596e8]
V  [jvm.dll+0x807588]
V  [jvm.dll+0x80125a]
V  [jvm.dll+0x6ecf0b]
C  [ucrtbase.dll+0x29363]
C  [KERNEL32.DLL+0x1257d]
C  [ntdll.dll+0x5aa68]


---------------  P R O C E S S  ---------------

Threads class SMR info:
_java_thread_list=0x000001d37dfc7ca0, length=16, elements={
0x000001d378ae5040, 0x000001d378ae5dd0, 0x000001d378aec030, 0x000001d378aec960,
0x000001d378aef440, 0x000001d378aeff10, 0x000001d378afa510, 0x000001d378b07e20,
0x000001d378b11f70, 0x000001d37cd9afb0, 0x000001d37cd98a80, 0x000001d37cd99520,
0x000001d37cd99a70, 0x000001d37cd99fc0, 0x000001d37cd98530, 0x000001d37cd9a510
}

Java Threads: ( => current thread )
  0x000001d378ae5040 JavaThread "Reference Handler" daemon [_thread_blocked, id=12032, stack(0x000000180de00000,0x000000180df00000)]
  0x000001d378ae5dd0 JavaThread "Finalizer" daemon [_thread_blocked, id=19756, stack(0x000000180df00000,0x000000180e000000)]
  0x000001d378aec030 JavaThread "Signal Dispatcher" daemon [_thread_blocked, id=3912, stack(0x000000180e000000,0x000000180e100000)]
  0x000001d378aec960 JavaThread "Attach Listener" daemon [_thread_blocked, id=1856, stack(0x000000180e100000,0x000000180e200000)]
  0x000001d378aef440 JavaThread "Service Thread" daemon [_thread_blocked, id=24004, stack(0x000000180e200000,0x000000180e300000)]
  0x000001d378aeff10 JavaThread "Monitor Deflation Thread" daemon [_thread_blocked, id=9256, stack(0x000000180e300000,0x000000180e400000)]
=>0x000001d378afa510 JavaThread "C2 CompilerThread0" daemon [_thread_in_native, id=7288, stack(0x000000180e400000,0x000000180e500000)]
  0x000001d378b07e20 JavaThread "C1 CompilerThread0" daemon [_thread_blocked, id=11976, stack(0x000000180e500000,0x000000180e600000)]
  0x000001d378b11f70 JavaThread "Sweeper thread" daemon [_thread_blocked, id=5108, stack(0x000000180e600000,0x000000180e700000)]
  0x000001d37cd9afb0 JavaThread "Common-Cleaner" daemon [_thread_blocked, id=5344, stack(0x000000180e700000,0x000000180e800000)]
  0x000001d37cd98a80 JavaThread "Notification Thread" daemon [_thread_blocked, id=9548, stack(0x000000180e800000,0x000000180e900000)]
  0x000001d37cd99520 JavaThread "Java2D Disposer" daemon [_thread_blocked, id=8392, stack(0x000000180ea00000,0x000000180eb00000)]
  0x000001d37cd99a70 JavaThread "AWT-Shutdown" [_thread_blocked, id=24168, stack(0x000000180eb00000,0x000000180ec00000)]
  0x000001d37cd99fc0 JavaThread "AWT-Windows" daemon [_thread_in_native, id=22832, stack(0x000000180ec00000,0x000000180ed00000)]
  0x000001d37cd98530 JavaThread "AWT-EventQueue-0" [_thread_in_native, id=10888, stack(0x000000180ef00000,0x000000180f000000)]
  0x000001d37cd9a510 JavaThread "DestroyJavaVM" [_thread_blocked, id=23584, stack(0x000000180d700000,0x000000180d800000)]

Other Threads:
  0x000001d378aca310 VMThread "VM Thread" [stack: 0x000000180dd00000,0x000000180de00000] [id=9852]
  0x000001d368706f90 WatcherThread "VM Periodic Task Thread" [stack: 0x000000180e900000,0x000000180ea00000] [id=19388]
  0x000001d3687577c0 WorkerThread "GC Thread#0" [stack: 0x000000180d800000,0x000000180d900000] [id=6328]
  0x000001d368764a90 ConcurrentGCThread "G1 Main Marker" [stack: 0x000000180d900000,0x000000180da00000] [id=23920]
  0x000001d368766c70 WorkerThread "G1 Conc#0" [stack: 0x000000180da00000,0x000000180db00000] [id=24028]
  0x000001d3789920b0 ConcurrentGCThread "G1 Refine#0" [stack: 0x000000180db00000,0x000000180dc00000] [id=18316]
  0x000001d378992af0 ConcurrentGCThread "G1 Service" [stack: 0x000000180dc00000,0x000000180dd00000] [id=18744]

Threads with active compile tasks:
C2 CompilerThread0     1052 1113   !   4       sun.font.TrueTypeFont::getTableBuffer (215 bytes)

VM state: not at safepoint (normal execution)

VM Mutex/Monitor currently owned by a thread: None

Heap address: 0x00000000a2200000, size: 1502 MB, Compressed Oops mode: 32-bit

CDS archive(s) mapped at: [0x0000000800000000-0x0000000800c40000-0x0000000800c40000), size 12845056, SharedBaseAddress: 0x0000000800000000, ArchiveRelocationMode: 0.
Compressed class space mapped at: 0x0000000801000000-0x0000000841000000, reserved size: 1073741824
Narrow klass base: 0x0000000800000000, Narrow klass shift: 0, Narrow klass range: 0x100000000

GC Precious Log:
 CardTable entry size: 512
 Card Set container configuration: InlinePtr #cards 5 size 8 Array Of Cards #cards 12 size 40 Howl #buckets 4 coarsen threshold 1843 Howl Bitmap #cards 512 size 80 coarsen threshold 460 Card regions per heap region 1 cards per card region 2048
 CPUs: 8 total, 8 available
 Memory: 6006M
 Large Page Support: Disabled
 NUMA Support: Disabled
 Compressed Oops: Enabled (32-bit)
 Heap Region Size: 1M
 Heap Min Capacity: 8M
 Heap Initial Capacity: 94M
 Heap Max Capacity: 1502M
 Pre-touch: Disabled
 Parallel Workers: 8
 Concurrent Workers: 2
 Concurrent Refinement Workers: 8
 Periodic GC: Disabled

Heap:
 garbage-first heap   total 96256K, used 20480K [0x00000000a2200000, 0x0000000100000000)
  region size 1024K, 17 young (17408K), 0 survivors (0K)
 Metaspace       used 6929K, committed 7104K, reserved 1114112K
  class space    used 717K, committed 832K, reserved 1048576K

Heap Regions: E=young(eden), S=young(survivor), O=old, HS=humongous(starts), HC=humongous(continues), CS=collection set, F=free, OA=open archive, CA=closed archive, TAMS=top-at-mark-start (previous, next)
|   0|0x00000000a2200000, 0x00000000a2300000, 0x00000000a2300000|100%|HS|  |TAMS 0x00000000a2200000, 0x00000000a2200000| Complete 
|   1|0x00000000a2300000, 0x00000000a2400000, 0x00000000a2400000|100%|HC|  |TAMS 0x00000000a2300000, 0x00000000a2300000| Complete 
|   2|0x00000000a2400000, 0x00000000a2500000, 0x00000000a2500000|100%|HC|  |TAMS 0x00000000a2400000, 0x00000000a2400000| Complete 
|   3|0x00000000a2500000, 0x00000000a2600000, 0x00000000a2600000|100%|HC|  |TAMS 0x00000000a2500000, 0x00000000a2500000| Complete 
|   4|0x00000000a2600000, 0x00000000a2600000, 0x00000000a2700000|  0%| F|  |TAMS 0x00000000a2600000, 0x00000000a2600000| Untracked 
|   5|0x00000000a2700000, 0x00000000a2700000, 0x00000000a2800000|  0%| F|  |TAMS 0x00000000a2700000, 0x00000000a2700000| Untracked 
|   6|0x00000000a2800000, 0x00000000a2800000, 0x00000000a2900000|  0%| F|  |TAMS 0x00000000a2800000, 0x00000000a2800000| Untracked 
|   7|0x00000000a2900000, 0x00000000a2900000, 0x00000000a2a00000|  0%| F|  |TAMS 0x00000000a2900000, 0x00000000a2900000| Untracked 
|   8|0x00000000a2a00000, 0x00000000a2a00000, 0x00000000a2b00000|  0%| F|  |TAMS 0x00000000a2a00000, 0x00000000a2a00000| Untracked 
|   9|0x00000000a2b00000, 0x00000000a2b00000, 0x00000000a2c00000|  0%| F|  |TAMS 0x00000000a2b00000, 0x00000000a2b00000| Untracked 
|  10|0x00000000a2c00000, 0x00000000a2c00000, 0x00000000a2d00000|  0%| F|  |TAMS 0x00000000a2c00000, 0x00000000a2c00000| Untracked 
|  11|0x00000000a2d00000, 0x00000000a2d00000, 0x00000000a2e00000|  0%| F|  |TAMS 0x00000000a2d00000, 0x00000000a2d00000| Untracked 
|  12|0x00000000a2e00000, 0x00000000a2e00000, 0x00000000a2f00000|  0%| F|  |TAMS 0x00000000a2e00000, 0x00000000a2e00000| Untracked 
|  13|0x00000000a2f00000, 0x00000000a2f00000, 0x00000000a3000000|  0%| F|  |TAMS 0x00000000a2f00000, 0x00000000a2f00000| Untracked 
|  14|0x00000000a3000000, 0x00000000a3000000, 0x00000000a3100000|  0%| F|  |TAMS 0x00000000a3000000, 0x00000000a3000000| Untracked 
|  15|0x00000000a3100000, 0x00000000a3100000, 0x00000000a3200000|  0%| F|  |TAMS 0x00000000a3100000, 0x00000000a3100000| Untracked 
|  16|0x00000000a3200000, 0x00000000a3200000, 0x00000000a3300000|  0%| F|  |TAMS 0x00000000a3200000, 0x00000000a3200000| Untracked 
|  17|0x00000000a3300000, 0x00000000a3300000, 0x00000000a3400000|  0%| F|  |TAMS 0x00000000a3300000, 0x00000000a3300000| Untracked 
|  18|0x00000000a3400000, 0x00000000a3400000, 0x00000000a3500000|  0%| F|  |TAMS 0x00000000a3400000, 0x00000000a3400000| Untracked 
|  19|0x00000000a3500000, 0x00000000a3500000, 0x00000000a3600000|  0%| F|  |TAMS 0x00000000a3500000, 0x00000000a3500000| Untracked 
|  20|0x00000000a3600000, 0x00000000a3600000, 0x00000000a3700000|  0%| F|  |TAMS 0x00000000a3600000, 0x00000000a3600000| Untracked 
|  21|0x00000000a3700000, 0x00000000a3700000, 0x00000000a3800000|  0%| F|  |TAMS 0x00000000a3700000, 0x00000000a3700000| Untracked 
|  22|0x00000000a3800000, 0x00000000a3800000, 0x00000000a3900000|  0%| F|  |TAMS 0x00000000a3800000, 0x00000000a3800000| Untracked 
|  23|0x00000000a3900000, 0x00000000a3900000, 0x00000000a3a00000|  0%| F|  |TAMS 0x00000000a3900000, 0x00000000a3900000| Untracked 
|  24|0x00000000a3a00000, 0x00000000a3a00000, 0x00000000a3b00000|  0%| F|  |TAMS 0x00000000a3a00000, 0x00000000a3a00000| Untracked 
|  25|0x00000000a3b00000, 0x00000000a3b00000, 0x00000000a3c00000|  0%| F|  |TAMS 0x00000000a3b00000, 0x00000000a3b00000| Untracked 
|  26|0x00000000a3c00000, 0x00000000a3c00000, 0x00000000a3d00000|  0%| F|  |TAMS 0x00000000a3c00000, 0x00000000a3c00000| Untracked 
|  27|0x00000000a3d00000, 0x00000000a3d00000, 0x00000000a3e00000|  0%| F|  |TAMS 0x00000000a3d00000, 0x00000000a3d00000| Untracked 
|  28|0x00000000a3e00000, 0x00000000a3e00000, 0x00000000a3f00000|  0%| F|  |TAMS 0x00000000a3e00000, 0x00000000a3e00000| Untracked 
|  29|0x00000000a3f00000, 0x00000000a3f00000, 0x00000000a4000000|  0%| F|  |TAMS 0x00000000a3f00000, 0x00000000a3f00000| Untracked 
|  30|0x00000000a4000000, 0x00000000a4000000, 0x00000000a4100000|  0%| F|  |TAMS 0x00000000a4000000, 0x00000000a4000000| Untracked 
|  31|0x00000000a4100000, 0x00000000a4100000, 0x00000000a4200000|  0%| F|  |TAMS 0x00000000a4100000, 0x00000000a4100000| Untracked 
|  32|0x00000000a4200000, 0x00000000a4200000, 0x00000000a4300000|  0%| F|  |TAMS 0x00000000a4200000, 0x00000000a4200000| Untracked 
|  33|0x00000000a4300000, 0x00000000a4300000, 0x00000000a4400000|  0%| F|  |TAMS 0x00000000a4300000, 0x00000000a4300000| Untracked 
|  34|0x00000000a4400000, 0x00000000a4400000, 0x00000000a4500000|  0%| F|  |TAMS 0x00000000a4400000, 0x00000000a4400000| Untracked 
|  35|0x00000000a4500000, 0x00000000a4500000, 0x00000000a4600000|  0%| F|  |TAMS 0x00000000a4500000, 0x00000000a4500000| Untracked 
|  36|0x00000000a4600000, 0x00000000a4600000, 0x00000000a4700000|  0%| F|  |TAMS 0x00000000a4600000, 0x00000000a4600000| Untracked 
|  37|0x00000000a4700000, 0x00000000a4700000, 0x00000000a4800000|  0%| F|  |TAMS 0x00000000a4700000, 0x00000000a4700000| Untracked 
|  38|0x00000000a4800000, 0x00000000a4800000, 0x00000000a4900000|  0%| F|  |TAMS 0x00000000a4800000, 0x00000000a4800000| Untracked 
|  39|0x00000000a4900000, 0x00000000a4900000, 0x00000000a4a00000|  0%| F|  |TAMS 0x00000000a4900000, 0x00000000a4900000| Untracked 
|  40|0x00000000a4a00000, 0x00000000a4a00000, 0x00000000a4b00000|  0%| F|  |TAMS 0x00000000a4a00000, 0x00000000a4a00000| Untracked 
|  41|0x00000000a4b00000, 0x00000000a4b00000, 0x00000000a4c00000|  0%| F|  |TAMS 0x00000000a4b00000, 0x00000000a4b00000| Untracked 
|  42|0x00000000a4c00000, 0x00000000a4c00000, 0x00000000a4d00000|  0%| F|  |TAMS 0x00000000a4c00000, 0x00000000a4c00000| Untracked 
|  43|0x00000000a4d00000, 0x00000000a4d00000, 0x00000000a4e00000|  0%| F|  |TAMS 0x00000000a4d00000, 0x00000000a4d00000| Untracked 
|  44|0x00000000a4e00000, 0x00000000a4e00000, 0x00000000a4f00000|  0%| F|  |TAMS 0x00000000a4e00000, 0x00000000a4e00000| Untracked 
|  45|0x00000000a4f00000, 0x00000000a4f00000, 0x00000000a5000000|  0%| F|  |TAMS 0x00000000a4f00000, 0x00000000a4f00000| Untracked 
|  46|0x00000000a5000000, 0x00000000a5000000, 0x00000000a5100000|  0%| F|  |TAMS 0x00000000a5000000, 0x00000000a5000000| Untracked 
|  47|0x00000000a5100000, 0x00000000a5100000, 0x00000000a5200000|  0%| F|  |TAMS 0x00000000a5100000, 0x00000000a5100000| Untracked 
|  48|0x00000000a5200000, 0x00000000a5200000, 0x00000000a5300000|  0%| F|  |TAMS 0x00000000a5200000, 0x00000000a5200000| Untracked 
|  49|0x00000000a5300000, 0x00000000a5300000, 0x00000000a5400000|  0%| F|  |TAMS 0x00000000a5300000, 0x00000000a5300000| Untracked 
|  50|0x00000000a5400000, 0x00000000a5400000, 0x00000000a5500000|  0%| F|  |TAMS 0x00000000a5400000, 0x00000000a5400000| Untracked 
|  51|0x00000000a5500000, 0x00000000a5500000, 0x00000000a5600000|  0%| F|  |TAMS 0x00000000a5500000, 0x00000000a5500000| Untracked 
|  52|0x00000000a5600000, 0x00000000a5600000, 0x00000000a5700000|  0%| F|  |TAMS 0x00000000a5600000, 0x00000000a5600000| Untracked 
|  53|0x00000000a5700000, 0x00000000a5700000, 0x00000000a5800000|  0%| F|  |TAMS 0x00000000a5700000, 0x00000000a5700000| Untracked 
|  54|0x00000000a5800000, 0x00000000a5800000, 0x00000000a5900000|  0%| F|  |TAMS 0x00000000a5800000, 0x00000000a5800000| Untracked 
|  55|0x00000000a5900000, 0x00000000a5900000, 0x00000000a5a00000|  0%| F|  |TAMS 0x00000000a5900000, 0x00000000a5900000| Untracked 
|  56|0x00000000a5a00000, 0x00000000a5a00000, 0x00000000a5b00000|  0%| F|  |TAMS 0x00000000a5a00000, 0x00000000a5a00000| Untracked 
|  57|0x00000000a5b00000, 0x00000000a5b00000, 0x00000000a5c00000|  0%| F|  |TAMS 0x00000000a5b00000, 0x00000000a5b00000| Untracked 
|  58|0x00000000a5c00000, 0x00000000a5c00000, 0x00000000a5d00000|  0%| F|  |TAMS 0x00000000a5c00000, 0x00000000a5c00000| Untracked 
|  59|0x00000000a5d00000, 0x00000000a5d00000, 0x00000000a5e00000|  0%| F|  |TAMS 0x00000000a5d00000, 0x00000000a5d00000| Untracked 
|  60|0x00000000a5e00000, 0x00000000a5e00000, 0x00000000a5f00000|  0%| F|  |TAMS 0x00000000a5e00000, 0x00000000a5e00000| Untracked 
|  61|0x00000000a5f00000, 0x00000000a5f00000, 0x00000000a6000000|  0%| F|  |TAMS 0x00000000a5f00000, 0x00000000a5f00000| Untracked 
|  62|0x00000000a6000000, 0x00000000a6000000, 0x00000000a6100000|  0%| F|  |TAMS 0x00000000a6000000, 0x00000000a6000000| Untracked 
|  63|0x00000000a6100000, 0x00000000a6100000, 0x00000000a6200000|  0%| F|  |TAMS 0x00000000a6100000, 0x00000000a6100000| Untracked 
|  64|0x00000000a6200000, 0x00000000a6200000, 0x00000000a6300000|  0%| F|  |TAMS 0x00000000a6200000, 0x00000000a6200000| Untracked 
|  65|0x00000000a6300000, 0x00000000a6300000, 0x00000000a6400000|  0%| F|  |TAMS 0x00000000a6300000, 0x00000000a6300000| Untracked 
|  66|0x00000000a6400000, 0x00000000a6400000, 0x00000000a6500000|  0%| F|  |TAMS 0x00000000a6400000, 0x00000000a6400000| Untracked 
|  67|0x00000000a6500000, 0x00000000a6500000, 0x00000000a6600000|  0%| F|  |TAMS 0x00000000a6500000, 0x00000000a6500000| Untracked 
|  68|0x00000000a6600000, 0x00000000a6600000, 0x00000000a6700000|  0%| F|  |TAMS 0x00000000a6600000, 0x00000000a6600000| Untracked 
|  69|0x00000000a6700000, 0x00000000a6700000, 0x00000000a6800000|  0%| F|  |TAMS 0x00000000a6700000, 0x00000000a6700000| Untracked 
|  70|0x00000000a6800000, 0x00000000a6800000, 0x00000000a6900000|  0%| F|  |TAMS 0x00000000a6800000, 0x00000000a6800000| Untracked 
|  71|0x00000000a6900000, 0x00000000a6900000, 0x00000000a6a00000|  0%| F|  |TAMS 0x00000000a6900000, 0x00000000a6900000| Untracked 
|  72|0x00000000a6a00000, 0x00000000a6a00000, 0x00000000a6b00000|  0%| F|  |TAMS 0x00000000a6a00000, 0x00000000a6a00000| Untracked 
|  73|0x00000000a6b00000, 0x00000000a6b00000, 0x00000000a6c00000|  0%| F|  |TAMS 0x00000000a6b00000, 0x00000000a6b00000| Untracked 
|  74|0x00000000a6c00000, 0x00000000a6c00000, 0x00000000a6d00000|  0%| F|  |TAMS 0x00000000a6c00000, 0x00000000a6c00000| Untracked 
|  75|0x00000000a6d00000, 0x00000000a6d00000, 0x00000000a6e00000|  0%| F|  |TAMS 0x00000000a6d00000, 0x00000000a6d00000| Untracked 
|  76|0x00000000a6e00000, 0x00000000a6e00000, 0x00000000a6f00000|  0%| F|  |TAMS 0x00000000a6e00000, 0x00000000a6e00000| Untracked 
|  77|0x00000000a6f00000, 0x00000000a6f773c8, 0x00000000a7000000| 46%| E|  |TAMS 0x00000000a6f00000, 0x00000000a6f00000| Complete 
|  78|0x00000000a7000000, 0x00000000a7100000, 0x00000000a7100000|100%| E|CS|TAMS 0x00000000a7000000, 0x00000000a7000000| Complete 
|  79|0x00000000a7100000, 0x00000000a7200000, 0x00000000a7200000|100%| E|CS|TAMS 0x00000000a7100000, 0x00000000a7100000| Complete 
|  80|0x00000000a7200000, 0x00000000a7300000, 0x00000000a7300000|100%| E|CS|TAMS 0x00000000a7200000, 0x00000000a7200000| Complete 
|  81|0x00000000a7300000, 0x00000000a7400000, 0x00000000a7400000|100%| E|CS|TAMS 0x00000000a7300000, 0x00000000a7300000| Complete 
|  82|0x00000000a7400000, 0x00000000a7500000, 0x00000000a7500000|100%| E|CS|TAMS 0x00000000a7400000, 0x00000000a7400000| Complete 
|  83|0x00000000a7500000, 0x00000000a7600000, 0x00000000a7600000|100%| E|CS|TAMS 0x00000000a7500000, 0x00000000a7500000| Complete 
|  84|0x00000000a7600000, 0x00000000a7700000, 0x00000000a7700000|100%| E|CS|TAMS 0x00000000a7600000, 0x00000000a7600000| Complete 
|  85|0x00000000a7700000, 0x00000000a7800000, 0x00000000a7800000|100%| E|CS|TAMS 0x00000000a7700000, 0x00000000a7700000| Complete 
|  86|0x00000000a7800000, 0x00000000a7900000, 0x00000000a7900000|100%| E|CS|TAMS 0x00000000a7800000, 0x00000000a7800000| Complete 
|  87|0x00000000a7900000, 0x00000000a7a00000, 0x00000000a7a00000|100%| E|CS|TAMS 0x00000000a7900000, 0x00000000a7900000| Complete 
|  88|0x00000000a7a00000, 0x00000000a7b00000, 0x00000000a7b00000|100%| E|CS|TAMS 0x00000000a7a00000, 0x00000000a7a00000| Complete 
|  89|0x00000000a7b00000, 0x00000000a7c00000, 0x00000000a7c00000|100%| E|CS|TAMS 0x00000000a7b00000, 0x00000000a7b00000| Complete 
|  90|0x00000000a7c00000, 0x00000000a7d00000, 0x00000000a7d00000|100%| E|CS|TAMS 0x00000000a7c00000, 0x00000000a7c00000| Complete 
|  91|0x00000000a7d00000, 0x00000000a7e00000, 0x00000000a7e00000|100%| E|CS|TAMS 0x00000000a7d00000, 0x00000000a7d00000| Complete 
|  92|0x00000000a7e00000, 0x00000000a7f00000, 0x00000000a7f00000|100%| E|CS|TAMS 0x00000000a7e00000, 0x00000000a7e00000| Complete 
|  93|0x00000000a7f00000, 0x00000000a8000000, 0x00000000a8000000|100%| E|CS|TAMS 0x00000000a7f00000, 0x00000000a7f00000| Complete 

Card table byte_map: [0x000001d372ba0000,0x000001d372e90000] _byte_map_base: 0x000001d37268f000

Marking Bits (Prev, Next): (CMBitMap*) 0x000001d368757df0, (CMBitMap*) 0x000001d368757e30
 Prev Bits: [0x000001d373180000, 0x000001d3748f8000)
 Next Bits: [0x000001d374900000, 0x000001d376078000)

Polling page: 0x000001d371e20000

Metaspace:

Usage:
  Non-class:      6.07 MB used.
      Class:    717.63 KB used.
       Both:      6.77 MB used.

Virtual space:
  Non-class space:       64.00 MB reserved,       6.12 MB ( 10%) committed,  1 nodes.
      Class space:        1.00 GB reserved,     832.00 KB ( <1%) committed,  1 nodes.
             Both:        1.06 GB reserved,       6.94 MB ( <1%) committed. 

Chunk freelists:
   Non-Class:  1.00 MB
       Class:  3.24 MB
        Both:  4.24 MB

MaxMetaspaceSize: unlimited
CompressedClassSpaceSize: 1.00 GB
Initial GC threshold: 21.00 MB
Current GC threshold: 21.00 MB
CDS: on
MetaspaceReclaimPolicy: balanced
 - commit_granule_bytes: 65536.
 - commit_granule_words: 8192.
 - virtual_space_node_default_size: 8388608.
 - enlarge_chunks_in_place: 1.
 - new_chunks_are_fully_committed: 0.
 - uncommit_free_chunks: 1.
 - use_allocation_guard: 0.


Internal statistics:

num_allocs_failed_limit: 0.
num_arena_births: 150.
num_arena_deaths: 0.
num_vsnodes_births: 2.
num_vsnodes_deaths: 0.
num_space_committed: 111.
num_space_uncommitted: 0.
num_chunks_returned_to_freelist: 0.
num_chunks_taken_from_freelist: 166.
num_chunk_merges: 0.
num_chunk_splits: 115.
num_chunks_enlarged: 73.
num_inconsistent_stats: 0.

CodeHeap 'non-profiled nmethods': size=120000Kb used=305Kb max_used=305Kb free=119694Kb
 bounds [0x000001d307ad0000, 0x000001d307d40000, 0x000001d30f000000]
CodeHeap 'profiled nmethods': size=120000Kb used=1822Kb max_used=1822Kb free=118177Kb
 bounds [0x000001d300000000, 0x000001d300270000, 0x000001d307530000]
CodeHeap 'non-nmethods': size=5760Kb used=1342Kb max_used=1353Kb free=4417Kb
 bounds [0x000001d307530000, 0x000001d3077a0000, 0x000001d307ad0000]
 total_blobs=1700 nmethods=1120 adapters=491
 compilation: enabled
              stopped_count=0, restarted_count=0
 full_count=0

Compilation events (20 events):
Event: 0.983 Thread 0x000001d378b07e20 nmethod 1108 0x000001d3001c2a10 code [0x000001d3001c2bc0, 0x000001d3001c2dd8]
Event: 0.983 Thread 0x000001d378afa510 1109       4       java.nio.ByteBuffer::<init> (47 bytes)
Event: 0.985 Thread 0x000001d378afa510 nmethod 1109 0x000001d307b1aa10 code [0x000001d307b1aba0, 0x000001d307b1ae78]
Event: 0.985 Thread 0x000001d378afa510 1111   !   4       sun.nio.cs.UnicodeDecoder::decodeLoop (304 bytes)
Event: 0.986 Thread 0x000001d378b07e20 1112       3       java.lang.CharacterData::of (136 bytes)
Event: 0.987 Thread 0x000001d378b07e20 nmethod 1112 0x000001d3001c2e90 code [0x000001d3001c30c0, 0x000001d3001c3998]
Event: 0.991 Thread 0x000001d378b07e20 1114   !   3       sun.font.TrueTypeFont::getAllFullNames (30 bytes)
Event: 0.991 Thread 0x000001d378b07e20 nmethod 1114 0x000001d3001c3b90 code [0x000001d3001c3dc0, 0x000001d3001c46a8]
Event: 0.991 Thread 0x000001d378b07e20 1116  s    3       sun.font.FontFamily::addLocaleNames (45 bytes)
Event: 0.992 Thread 0x000001d378b07e20 nmethod 1116 0x000001d3001c4990 code [0x000001d3001c4bc0, 0x000001d3001c5448]
Event: 0.992 Thread 0x000001d378b07e20 1115   !   3       sun.font.TrueTypeFont::getAllFamilyNames (30 bytes)
Event: 0.992 Thread 0x000001d378b07e20 nmethod 1115 0x000001d3001c5710 code [0x000001d3001c5940, 0x000001d3001c6228]
Event: 0.993 Thread 0x000001d378afa510 nmethod 1111 0x000001d307b1b010 code [0x000001d307b1b1c0, 0x000001d307b1b678]
Event: 0.993 Thread 0x000001d378afa510 1113   !   4       sun.font.TrueTypeFont::getTableBuffer (215 bytes)
Event: 1.007 Thread 0x000001d378b07e20 1120       3       jdk.internal.loader.NativeLibraries$NativeLibraryImpl::find (9 bytes)
Event: 1.007 Thread 0x000001d378b07e20 nmethod 1120 0x000001d3001c6510 code [0x000001d3001c66c0, 0x000001d3001c6808]
Event: 1.011 Thread 0x000001d378b07e20 1123       3       java.nio.ByteBufferAsCharBufferB::get (30 bytes)
Event: 1.012 Thread 0x000001d378b07e20 nmethod 1123 0x000001d3001c6890 code [0x000001d3001c6ae0, 0x000001d3001c73c8]
Event: 1.013 Thread 0x000001d378b07e20 1124       3       java.nio.ByteBufferAsCharBufferB::byteOffset (9 bytes)
Event: 1.013 Thread 0x000001d378b07e20 nmethod 1124 0x000001d3001c7810 code [0x000001d3001c79a0, 0x000001d3001c7ab8]

GC Heap History (0 events):
No events

Dll operation events (9 events):
Event: 0.011 Loaded shared library C:\Program Files\Java\jdk-19\bin\java.dll
Event: 0.026 Loaded shared library C:\Program Files\Java\jdk-19\bin\jsvml.dll
Event: 0.085 Loaded shared library C:\Program Files\Java\jdk-19\bin\net.dll
Event: 0.088 Loaded shared library C:\Program Files\Java\jdk-19\bin\nio.dll
Event: 0.137 Loaded shared library C:\Program Files\Java\jdk-19\bin\zip.dll
Event: 0.233 Loaded shared library C:\Program Files\Java\jdk-19\bin\jimage.dll
Event: 0.258 Loaded shared library C:\Program Files\Java\jdk-19\bin\awt.dll
Event: 0.601 Loaded shared library C:\Program Files\Java\jdk-19\bin\freetype.dll
Event: 0.602 Loaded shared library C:\Program Files\Java\jdk-19\bin\fontmanager.dll

Deoptimization events (20 events):
Event: 0.612 Thread 0x000001d3687062a0 DEOPT PACKING pc=0x000001d307adbe7c sp=0x000000180d7fdca0
Event: 0.612 Thread 0x000001d3687062a0 DEOPT UNPACKING pc=0x000001d307596da3 sp=0x000000180d7fdc30 mode 2
Event: 0.755 Thread 0x000001d37cd98530 Uncommon trap: trap_request=0xffffff45 fr.pc=0x000001d307b0aa48 relative=0x0000000000000488
Event: 0.755 Thread 0x000001d37cd98530 Uncommon trap: reason=unstable_if action=reinterpret pc=0x000001d307b0aa48 method=java.lang.StringLatin1.toLowerCase(Ljava/lang/String;[BLjava/util/Locale;)Ljava/lang/String; @ 43 c2
Event: 0.755 Thread 0x000001d37cd98530 DEOPT PACKING pc=0x000001d307b0aa48 sp=0x000000180effd170
Event: 0.755 Thread 0x000001d37cd98530 DEOPT UNPACKING pc=0x000001d307596da3 sp=0x000000180effd0e0 mode 2
Event: 0.853 Thread 0x000001d37cd98530 DEOPT PACKING pc=0x000001d3000447d7 sp=0x000000180effc8f0
Event: 0.853 Thread 0x000001d37cd98530 DEOPT UNPACKING pc=0x000001d307597543 sp=0x000000180effbd70 mode 0
Event: 0.945 Thread 0x000001d37cd98530 Uncommon trap: trap_request=0xffffff45 fr.pc=0x000001d307ae0f48 relative=0x00000000000001a8
Event: 0.945 Thread 0x000001d37cd98530 Uncommon trap: reason=unstable_if action=reinterpret pc=0x000001d307ae0f48 method=java.lang.String.isLatin1()Z @ 10 c2
Event: 0.945 Thread 0x000001d37cd98530 DEOPT PACKING pc=0x000001d307ae0f48 sp=0x000000180effcf80
Event: 0.945 Thread 0x000001d37cd98530 DEOPT UNPACKING pc=0x000001d307596da3 sp=0x000000180effceb0 mode 2
Event: 0.950 Thread 0x000001d37cd98530 Uncommon trap: trap_request=0xffffff45 fr.pc=0x000001d307ae49e8 relative=0x0000000000000048
Event: 0.950 Thread 0x000001d37cd98530 Uncommon trap: reason=unstable_if action=reinterpret pc=0x000001d307ae49e8 method=java.lang.CharacterData.of(I)Ljava/lang/CharacterData; @ 4 c2
Event: 0.950 Thread 0x000001d37cd98530 DEOPT PACKING pc=0x000001d307ae49e8 sp=0x000000180effcf80
Event: 0.950 Thread 0x000001d37cd98530 DEOPT UNPACKING pc=0x000001d307596da3 sp=0x000000180effcf20 mode 2
Event: 0.970 Thread 0x000001d37cd98530 Uncommon trap: trap_request=0xffffff45 fr.pc=0x000001d307b179e4 relative=0x00000000000003a4
Event: 0.970 Thread 0x000001d37cd98530 Uncommon trap: reason=unstable_if action=reinterpret pc=0x000001d307b179e4 method=java.lang.Character.isSurrogate(C)Z @ 3 c2
Event: 0.970 Thread 0x000001d37cd98530 DEOPT PACKING pc=0x000001d307b179e4 sp=0x000000180effcc50
Event: 0.970 Thread 0x000001d37cd98530 DEOPT UNPACKING pc=0x000001d307596da3 sp=0x000000180effcb68 mode 2

Classes loaded (20 events):
Event: 1.009 Loading class sun/font/TrueTypeGlyphMapper
Event: 1.009 Loading class sun/font/TrueTypeGlyphMapper done
Event: 1.009 Loading class sun/font/CMap
Event: 1.010 Loading class sun/font/CMap done
Event: 1.010 Loading class sun/font/CMap$NullCMapClass
Event: 1.010 Loading class sun/font/CMap$NullCMapClass done
Event: 1.010 Loading class sun/font/CMap$CMapFormat4
Event: 1.010 Loading class sun/font/CMap$CMapFormat4 done
Event: 1.010 Loading class java/nio/ByteBufferAsCharBufferB
Event: 1.011 Loading class java/nio/ByteBufferAsCharBufferB done
Event: 1.014 Loading class sun/font/FontDesignMetrics$KeyReference
Event: 1.014 Loading class sun/font/FontDesignMetrics$KeyReference done
Event: 1.014 Loading class sun/font/CompositeGlyphMapper
Event: 1.014 Loading class sun/font/CompositeGlyphMapper done
Event: 1.016 Loading class java/awt/print/PrinterGraphics
Event: 1.016 Loading class java/awt/print/PrinterGraphics done
Event: 1.016 Loading class java/awt/PrintGraphics
Event: 1.016 Loading class java/awt/PrintGraphics done
Event: 1.016 Loading class sun/java2d/loops/FontInfo
Event: 1.016 Loading class sun/java2d/loops/FontInfo done

Classes unloaded (0 events):
No events

Classes redefined (0 events):
No events

Internal exceptions (20 events):
Event: 0.187 Thread 0x000001d3687062a0 Exception <a 'java/lang/NoSuchMethodError'{0x00000000a7c18fa0}: 'void java.lang.invoke.DirectMethodHandle$Holder.invokeSpecial(java.lang.Object, java.lang.Object, java.lang.Object)'> (0x00000000a7c18fa0) 
thrown [s\open\src\hotspot\share\interpreter\linkResolver.cpp, line 774]
Event: 0.191 Thread 0x000001d3687062a0 Exception <a 'java/lang/NoSuchMethodError'{0x00000000a7c245c8}: 'void java.lang.invoke.DirectMethodHandle$Holder.invokeSpecial(java.lang.Object, java.lang.Object, java.lang.Object, java.lang.Object, java.lang.Object)'> (0x00000000a7c245c8) 
thrown [s\open\src\hotspot\share\interpreter\linkResolver.cpp, line 774]
Event: 0.195 Thread 0x000001d3687062a0 Exception <a 'java/lang/NoSuchMethodError'{0x00000000a7c37b08}: 'java.lang.Object java.lang.invoke.DirectMethodHandle$Holder.invokeInterface(java.lang.Object, java.lang.Object)'> (0x00000000a7c37b08) 
thrown [s\open\src\hotspot\share\interpreter\linkResolver.cpp, line 774]
Event: 0.196 Thread 0x000001d3687062a0 Exception <a 'java/lang/IncompatibleClassChangeError'{0x00000000a7c3b058}: Found class java.lang.Object, but interface was expected> (0x00000000a7c3b058) 
thrown [s\open\src\hotspot\share\interpreter\linkResolver.cpp, line 841]
Event: 0.198 Thread 0x000001d3687062a0 Exception <a 'java/lang/NoSuchMethodError'{0x00000000a7c3deb0}: 'void java.lang.invoke.DirectMethodHandle$Holder.invokeStatic(java.lang.Object, java.lang.Object, java.lang.Object, java.lang.Object)'> (0x00000000a7c3deb0) 
thrown [s\open\src\hotspot\share\interpreter\linkResolver.cpp, line 774]
Event: 0.240 Thread 0x000001d3687062a0 Exception <a 'sun/nio/fs/WindowsException'{0x00000000a7cdce48}> (0x00000000a7cdce48) 
thrown [s\open\src\hotspot\share\prims\jni.cpp, line 517]
Event: 0.245 Thread 0x000001d3687062a0 Exception <a 'java/lang/ClassNotFoundException'{0x00000000a7ce2d78}: sun/awt/resources/spi/awtProvider> (0x00000000a7ce2d78) 
thrown [s\open\src\hotspot\share\classfile\systemDictionary.cpp, line 255]
Event: 0.272 Thread 0x000001d3687062a0 Exception <a 'java/io/FileNotFoundException'{0x00000000a7b38fe8}> (0x00000000a7b38fe8) 
thrown [s\open\src\hotspot\share\prims\jni.cpp, line 517]
Event: 0.281 Thread 0x000001d3687062a0 Exception <a 'java/io/FileNotFoundException'{0x00000000a7b654e0}> (0x00000000a7b654e0) 
thrown [s\open\src\hotspot\share\prims\jni.cpp, line 517]
Event: 0.334 Thread 0x000001d3687062a0 Exception <a 'java/lang/NoSuchMethodError'{0x00000000a7ba9280}: 'java.lang.Object java.lang.invoke.DirectMethodHandle$Holder.invokeStaticInit(java.lang.Object)'> (0x00000000a7ba9280) 
thrown [s\open\src\hotspot\share\interpreter\linkResolver.cpp, line 774]
Event: 0.490 Thread 0x000001d3687062a0 Exception <a 'java/lang/NoSuchMethodError'{0x00000000a7aada70}: 'java.lang.Object java.lang.invoke.DirectMethodHandle$Holder.newInvokeSpecial(java.lang.Object, java.lang.Object, java.lang.Object, java.lang.Object, java.lang.Object)'> (0x00000000a7aada70) 
thrown [s\open\src\hotspot\share\interpreter\linkResolver.cpp, line 774]
Event: 0.499 Thread 0x000001d3687062a0 Exception <a 'java/lang/NoSuchMethodError'{0x00000000a7adf158}: 'java.lang.Object java.lang.invoke.DirectMethodHandle$Holder.invokeStatic(java.lang.Object, int, java.lang.Object)'> (0x00000000a7adf158) 
thrown [s\open\src\hotspot\share\interpreter\linkResolver.cpp, line 774]
Event: 0.534 Thread 0x000001d3687062a0 Exception <a 'java/lang/ClassNotFoundException'{0x00000000a799a938}: com/sun/swing/internal/plaf/metal/resources/spi/metalProvider> (0x00000000a799a938) 
thrown [s\open\src\hotspot\share\classfile\systemDictionary.cpp, line 255]
Event: 0.535 Thread 0x000001d3687062a0 Exception <a 'java/lang/ClassNotFoundException'{0x00000000a799e868}: com/sun/swing/internal/plaf/basic/resources/spi/basicProvider> (0x00000000a799e868) 
thrown [s\open\src\hotspot\share\classfile\systemDictionary.cpp, line 255]
Event: 0.543 Thread 0x000001d3687062a0 Implicit null exception at 0x000001d307afadd8 to 0x000001d307afae6e
Event: 0.547 Thread 0x000001d3687062a0 Exception <a 'java/lang/NoSuchMethodError'{0x00000000a79be4d8}: 'int java.lang.invoke.Invokers$Holder.invokeExact_MT(java.lang.Object, java.lang.Object)'> (0x00000000a79be4d8) 
thrown [s\open\src\hotspot\share\interpreter\linkResolver.cpp, line 774]
Event: 0.595 Thread 0x000001d3687062a0 Exception <a 'java/lang/NoSuchMethodError'{0x00000000a7805f50}: 'void java.lang.invoke.DirectMethodHandle$Holder.invokeStaticInit(java.lang.Object)'> (0x00000000a7805f50) 
thrown [s\open\src\hotspot\share\interpreter\linkResolver.cpp, line 774]
Event: 0.636 Thread 0x000001d3687062a0 Exception <a 'sun/nio/fs/WindowsException'{0x00000000a785dc60}> (0x00000000a785dc60) 
thrown [s\open\src\hotspot\share\prims\jni.cpp, line 517]
Event: 0.761 Thread 0x000001d37cd98530 Exception <a 'java/io/FileNotFoundException'{0x00000000a774d1a0}> (0x00000000a774d1a0) 
thrown [s\open\src\hotspot\share\prims\jni.cpp, line 517]
Event: 0.915 Thread 0x000001d37cd98530 Exception <a 'java/io/FileNotFoundException'{0x00000000a759db70}> (0x00000000a759db70) 
thrown [s\open\src\hotspot\share\prims\jni.cpp, line 517]

VM Operations (16 events):
Event: 0.193 Executing VM operation: HandshakeAllThreads
Event: 0.193 Executing VM operation: HandshakeAllThreads done
Event: 0.292 Executing VM operation: HandshakeAllThreads
Event: 0.292 Executing VM operation: HandshakeAllThreads done
Event: 0.553 Executing VM operation: HandshakeAllThreads
Event: 0.553 Executing VM operation: HandshakeAllThreads done
Event: 0.680 Executing VM operation: HandshakeAllThreads
Event: 0.680 Executing VM operation: HandshakeAllThreads done
Event: 0.950 Executing VM operation: HandshakeAllThreads
Event: 0.950 Executing VM operation: HandshakeAllThreads done
Event: 0.979 Executing VM operation: ICBufferFull
Event: 0.980 Executing VM operation: ICBufferFull done
Event: 1.011 Executing VM operation: HandshakeAllThreads
Event: 1.011 Executing VM operation: HandshakeAllThreads done
Event: 1.011 Executing VM operation: HandshakeAllThreads
Event: 1.011 Executing VM operation: HandshakeAllThreads done

Events (18 events):
Event: 0.026 Thread 0x000001d3687062a0 Thread added: 0x000001d3687062a0
Event: 0.043 Thread 0x000001d378ae5040 Thread added: 0x000001d378ae5040
Event: 0.043 Thread 0x000001d378ae5dd0 Thread added: 0x000001d378ae5dd0
Event: 0.043 Thread 0x000001d378aec030 Thread added: 0x000001d378aec030
Event: 0.043 Thread 0x000001d378aec960 Thread added: 0x000001d378aec960
Event: 0.043 Thread 0x000001d378aef440 Thread added: 0x000001d378aef440
Event: 0.044 Thread 0x000001d378aeff10 Thread added: 0x000001d378aeff10
Event: 0.044 Thread 0x000001d378afa510 Thread added: 0x000001d378afa510
Event: 0.044 Thread 0x000001d378b07e20 Thread added: 0x000001d378b07e20
Event: 0.044 Thread 0x000001d378b11f70 Thread added: 0x000001d378b11f70
Event: 0.076 Thread 0x000001d37cd9afb0 Thread added: 0x000001d37cd9afb0
Event: 0.216 Thread 0x000001d37cd98a80 Thread added: 0x000001d37cd98a80
Event: 0.335 Thread 0x000001d37cd99520 Thread added: 0x000001d37cd99520
Event: 0.336 Thread 0x000001d37cd99a70 Thread added: 0x000001d37cd99a70
Event: 0.338 Thread 0x000001d37cd99fc0 Thread added: 0x000001d37cd99fc0
Event: 0.573 Thread 0x000001d37cd98530 Thread added: 0x000001d37cd98530
Event: 0.679 Thread 0x000001d3687062a0 Thread exited: 0x000001d3687062a0
Event: 0.679 Thread 0x000001d37cd9a510 Thread added: 0x000001d37cd9a510


Dynamic libraries:
0x00007ff6530f0000 - 0x00007ff653100000 	C:\Program Files\Java\jdk-19\bin\javaw.exe
0x00007ff948750000 - 0x00007ff948964000 	C:\WINDOWS\SYSTEM32\ntdll.dll
0x00007ff946b00000 - 0x00007ff946bc4000 	C:\WINDOWS\System32\KERNEL32.DLL
0x00007ff945d40000 - 0x00007ff9460e4000 	C:\WINDOWS\System32\KERNELBASE.dll
0x00007ff945b80000 - 0x00007ff945c91000 	C:\WINDOWS\System32\ucrtbase.dll
0x00007ff93e810000 - 0x00007ff93e82b000 	C:\Program Files\Java\jdk-19\bin\VCRUNTIME140.dll
0x00007ff93e9c0000 - 0x00007ff93e9d8000 	C:\Program Files\Java\jdk-19\bin\jli.dll
0x00007ff9485b0000 - 0x00007ff948660000 	C:\WINDOWS\System32\ADVAPI32.dll
0x00007ff948660000 - 0x00007ff948707000 	C:\WINDOWS\System32\msvcrt.dll
0x00007ff947550000 - 0x00007ff9475f6000 	C:\WINDOWS\System32\sechost.dll
0x00007ff948490000 - 0x00007ff9485a7000 	C:\WINDOWS\System32\RPCRT4.dll
0x00007ff946610000 - 0x00007ff9467be000 	C:\WINDOWS\System32\USER32.dll
0x00007ff92c220000 - 0x00007ff92c4b3000 	C:\WINDOWS\WinSxS\amd64_microsoft.windows.common-controls_6595b64144ccf1df_6.0.22621.2215_none_270d72677387dfc3\COMCTL32.dll
0x00007ff9462d0000 - 0x00007ff9462f6000 	C:\WINDOWS\System32\win32u.dll
0x00007ff947520000 - 0x00007ff947549000 	C:\WINDOWS\System32\GDI32.dll
0x00007ff946300000 - 0x00007ff946418000 	C:\WINDOWS\System32\gdi32full.dll
0x00007ff945ca0000 - 0x00007ff945d3a000 	C:\WINDOWS\System32\msvcp_win.dll
0x00007ff93e300000 - 0x00007ff93e30a000 	C:\WINDOWS\SYSTEM32\VERSION.dll
0x00007ff947600000 - 0x00007ff947631000 	C:\WINDOWS\System32\IMM32.DLL
0x00007ff942890000 - 0x00007ff94289c000 	C:\Program Files\Java\jdk-19\bin\vcruntime140_1.dll
0x00007ff936e60000 - 0x00007ff936eee000 	C:\Program Files\Java\jdk-19\bin\msvcp140.dll
0x00007ff8d64b0000 - 0x00007ff8d7170000 	C:\Program Files\Java\jdk-19\bin\server\jvm.dll
0x00007ff942080000 - 0x00007ff942089000 	C:\WINDOWS\SYSTEM32\WSOCK32.dll
0x00007ff93e490000 - 0x00007ff93e4c4000 	C:\WINDOWS\SYSTEM32\WINMM.dll
0x00007ff9482b0000 - 0x00007ff948321000 	C:\WINDOWS\System32\WS2_32.dll
0x00007ff944b00000 - 0x00007ff944b18000 	C:\WINDOWS\SYSTEM32\kernel.appcore.dll
0x00007ff93ffc0000 - 0x00007ff93ffca000 	C:\Program Files\Java\jdk-19\bin\jimage.dll
0x00007ff943550000 - 0x00007ff94377e000 	C:\WINDOWS\SYSTEM32\DBGHELP.DLL
0x00007ff946bd0000 - 0x00007ff946f5a000 	C:\WINDOWS\System32\combase.dll
0x00007ff9481c0000 - 0x00007ff948297000 	C:\WINDOWS\System32\OLEAUT32.dll
0x00007ff9315b0000 - 0x00007ff9315e2000 	C:\WINDOWS\SYSTEM32\dbgcore.DLL
0x00007ff945b00000 - 0x00007ff945b7a000 	C:\WINDOWS\System32\bcryptPrimitives.dll
0x00007ff936e30000 - 0x00007ff936e56000 	C:\Program Files\Java\jdk-19\bin\java.dll
0x00007ff936d50000 - 0x00007ff936e27000 	C:\Program Files\Java\jdk-19\bin\jsvml.dll
0x00007ff947640000 - 0x00007ff947e63000 	C:\WINDOWS\System32\SHELL32.dll
0x00007ff943a90000 - 0x00007ff94437a000 	C:\WINDOWS\SYSTEM32\windows.storage.dll
0x00007ff943950000 - 0x00007ff943a8e000 	C:\WINDOWS\SYSTEM32\wintypes.dll
0x00007ff9480c0000 - 0x00007ff9481b3000 	C:\WINDOWS\System32\SHCORE.dll
0x00007ff948330000 - 0x00007ff94838e000 	C:\WINDOWS\System32\shlwapi.dll
0x00007ff945a30000 - 0x00007ff945a56000 	C:\WINDOWS\SYSTEM32\profapi.dll
0x00007ff93e4d0000 - 0x00007ff93e4e3000 	C:\Program Files\Java\jdk-19\bin\net.dll
0x00007ff93d970000 - 0x00007ff93daa7000 	C:\WINDOWS\SYSTEM32\WINHTTP.dll
0x00007ff944fd0000 - 0x00007ff945039000 	C:\WINDOWS\system32\mswsock.dll
0x00007ff936d30000 - 0x00007ff936d46000 	C:\Program Files\Java\jdk-19\bin\nio.dll
0x00007ff936d10000 - 0x00007ff936d28000 	C:\Program Files\Java\jdk-19\bin\zip.dll
0x00007ff90c180000 - 0x00007ff90c311000 	C:\Program Files\Java\jdk-19\bin\awt.dll
0x00007ff9429a0000 - 0x00007ff942a37000 	C:\WINDOWS\SYSTEM32\apphelp.dll
0x00007ff942f90000 - 0x00007ff942fbb000 	C:\WINDOWS\system32\DWMAPI.DLL
0x00007ff942b60000 - 0x00007ff942c0b000 	C:\WINDOWS\system32\uxtheme.dll
0x00007ff8fa2d0000 - 0x00007ff8fa3d0000 	C:\WINDOWS\system32\opengl32.dll
0x00007ff8fa200000 - 0x00007ff8fa22d000 	C:\WINDOWS\SYSTEM32\GLU32.dll
0x00007ff942e40000 - 0x00007ff942e78000 	C:\WINDOWS\SYSTEM32\dxcore.dll
0x00007ff9467c0000 - 0x00007ff946909000 	C:\WINDOWS\System32\MSCTF.dll
0x00007ff946960000 - 0x00007ff946afe000 	C:\WINDOWS\System32\ole32.dll
0x00007ff8fa450000 - 0x00007ff8fa5f9000 	C:\WINDOWS\system32\d3d9.dll
0x00007ff93acb0000 - 0x00007ff93ae6b000 	C:\WINDOWS\System32\DriverStore\FileRepository\u0390835.inf_amd64_66888840aa4163cc\B390488\aticfx64.dll
0x00007ff920a20000 - 0x00007ff920a54000 	C:\WINDOWS\System32\DriverStore\FileRepository\u0390835.inf_amd64_66888840aa4163cc\B390488\atiu9p64.dll
0x00007ff8d4480000 - 0x00007ff8d51d5000 	C:\WINDOWS\System32\DriverStore\FileRepository\u0390835.inf_amd64_66888840aa4163cc\B390488\atiumd64.dll
0x0000000074c30000 - 0x0000000075b58000 	C:\WINDOWS\System32\DriverStore\FileRepository\u0390835.inf_amd64_66888840aa4163cc\B390488\atiumd6a.dll
0x00007ff9470a0000 - 0x00007ff947514000 	C:\WINDOWS\System32\SETUPAPI.dll
0x00007ff945450000 - 0x00007ff945478000 	C:\WINDOWS\SYSTEM32\bcrypt.dll
0x00007ff945820000 - 0x00007ff94586d000 	C:\WINDOWS\SYSTEM32\POWRPROF.dll
0x00007ff945800000 - 0x00007ff945813000 	C:\WINDOWS\SYSTEM32\UMPDC.dll
0x00007ff93abe0000 - 0x00007ff93ac15000 	C:\WINDOWS\SYSTEM32\amdihk64.dll
0x00007ff93ecf0000 - 0x00007ff93ed3a000 	C:\WINDOWS\SYSTEM32\directxdatabasehelper.dll
0x00007ff90a790000 - 0x00007ff90a816000 	C:\Program Files\Java\jdk-19\bin\freetype.dll
0x00007ff90a6c0000 - 0x00007ff90a786000 	C:\Program Files\Java\jdk-19\bin\fontmanager.dll
0x00007ff925f60000 - 0x00007ff9260a4000 	C:\WINDOWS\SYSTEM32\textinputframework.dll

dbghelp: loaded successfully - version: 4.0.5 - missing functions: none
symbol engine: initialized successfully - sym options: 0x614 - pdb path: .;C:\Program Files\Java\jdk-19\bin;C:\WINDOWS\SYSTEM32;C:\WINDOWS\WinSxS\amd64_microsoft.windows.common-controls_6595b64144ccf1df_6.0.22621.2215_none_270d72677387dfc3;C:\Program Files\Java\jdk-19\bin\server;C:\WINDOWS\System32\DriverStore\FileRepository\u0390835.inf_amd64_66888840aa4163cc\B390488

VM Arguments:
jvm_args: -Dfile.encoding=UTF-8 --module-path=C:\Users\rajor\eclipse-workspace\BankManagementSystem\bin;C:\Users\rajor\eclipse-workspace\BankManagementSystem\src\drive-download-20230923T095932Z-001\jcalendar-tz-1.3.3-4.jar;C:\Users\rajor\OneDrive\Desktop\mysql-connector-j-8.1.0\mysql-connector-j-8.1.0\mysql-connector-j-8.1.0.jar -XX:+ShowCodeDetailsInExceptionMessages -Djdk.module.main=BankManagementSystem 
java_command: BankManagementSystem/bank.management.system.SignUpThree
java_class_path (initial): <not set>
Launcher Type: SUN_STANDARD

[Global flags]
     intx CICompilerCount                          = 4                                         {product} {ergonomic}
     uint ConcGCThreads                            = 2                                         {product} {ergonomic}
     uint G1ConcRefinementThreads                  = 8                                         {product} {ergonomic}
   size_t G1HeapRegionSize                         = 1048576                                   {product} {ergonomic}
    uintx GCDrainStackTargetSize                   = 64                                        {product} {ergonomic}
   size_t InitialHeapSize                          = 98566144                                  {product} {ergonomic}
   size_t MarkStackSize                            = 4194304                                   {product} {ergonomic}
   size_t MaxHeapSize                              = 1574961152                                {product} {ergonomic}
   size_t MaxNewSize                               = 944766976                                 {product} {ergonomic}
   size_t MinHeapDeltaBytes                        = 1048576                                   {product} {ergonomic}
   size_t MinHeapSize                              = 8388608                                   {product} {ergonomic}
    uintx NonNMethodCodeHeapSize                   = 5839372                                {pd product} {ergonomic}
    uintx NonProfiledCodeHeapSize                  = 122909434                              {pd product} {ergonomic}
    uintx ProfiledCodeHeapSize                     = 122909434                              {pd product} {ergonomic}
    uintx ReservedCodeCacheSize                    = 251658240                              {pd product} {ergonomic}
     bool SegmentedCodeCache                       = true                                      {product} {ergonomic}
     bool ShowCodeDetailsInExceptionMessages       = true                                   {manageable} {command line}
   size_t SoftMaxHeapSize                          = 1574961152                             {manageable} {ergonomic}
     bool UseCompressedClassPointers               = true                           {product lp64_product} {ergonomic}
     bool UseCompressedOops                        = true                           {product lp64_product} {ergonomic}
     bool UseG1GC                                  = true                                      {product} {ergonomic}
     bool UseLargePagesIndividualAllocation        = false                                  {pd product} {ergonomic}

Logging:
Log output configuration:
 #0: stdout all=warning uptime,level,tags foldmultilines=false
 #1: stderr all=off uptime,level,tags foldmultilines=false

Environment Variables:
PATH=C:\Program Files\Common Files\Oracle\Java\javapath;C:\WINDOWS\system32;C:\WINDOWS;C:\WINDOWS\System32\Wbem;C:\WINDOWS\System32\WindowsPowerShell\v1.0\;C:\WINDOWS\System32\OpenSSH\;C:\MinGW\bin;C:\Program Files\Java\jdk-19\bin;C:\Program Files\MySQL\MySQL Server 8.0;C:\Program Files\MySQL\MySQL Server 8.0\bin;C:\Users\rajor\Downloads\apache-maven-3.9.4-bin\apache-maven-3.9.4\bin;JAVA_HOME;C:\Program Files\MySQL\MySQL Shell 8.0\bin\;C:\Users\rajor\AppData\Local\Microsoft\WindowsApps;C:\Users\rajor\AppData\Local\Programs\Microsoft VS Code\bin
USERNAME=rajor
OS=Windows_NT
PROCESSOR_IDENTIFIER=AMD64 Family 23 Model 104 Stepping 1, AuthenticAMD
TMP=C:\Users\rajor\AppData\Local\Temp
TEMP=C:\Users\rajor\AppData\Local\Temp



---------------  S Y S T E M  ---------------

OS:
 Windows 11 , 64 bit Build 22621 (10.0.22621.2215)
OS uptime: 2 days 0:13 hours

CPU: total 8 (initial active 8) (8 cores per cpu, 2 threads per core) family 23 model 104 stepping 1 microcode 0x0, cx8, cmov, fxsr, ht, mmx, 3dnowpref, sse, sse2, sse3, ssse3, sse4a, sse4.1, sse4.2, popcnt, lzcnt, tsc, tscinvbit, avx, avx2, aes, clmul, bmi1, bmi2, adx, sha, fma, vzeroupper, clflush, clflushopt, rdtscp, rdpid

Memory: 4k page, system-wide physical 6006M (302M free)
TotalPageFile size 24438M (AvailPageFile size 4M)
current process WorkingSet (physical memory assigned to process): 75M, peak: 75M
current process commit charge ("private bytes"): 199M, peak: 199M

vm_info: Java HotSpot(TM) 64-Bit Server VM (19.0.2+7-44) for windows-amd64 JRE (19.0.2+7-44), built on 2022-11-30T18:02:09Z by "mach5one" with MS VC++ 17.1 (VS2022)

END.
