#
# There is insufficient memory for the Java Runtime Environment to continue.
# Native memory allocation (mmap) failed to map 65536 bytes for Failed to commit metaspace.
# Possible reasons:
#   The system is out of physical RAM or swap space
#   The process is running with CompressedOops enabled, and the Java Heap may be blocking the growth of the native heap
# Possible solutions:
#   Reduce memory load on the system
#   Increase physical memory or swap space
#   Check if swap backing store is full
#   Decrease Java heap size (-Xmx/-Xms)
#   Decrease number of Java threads
#   Decrease Java thread stack sizes (-Xss)
#   Set larger code cache with -XX:ReservedCodeCacheSize=
#   JVM is running with Unscaled Compressed Oops mode in which the Java heap is
#     placed in the first 4GB address space. The Java Heap base address is the
#     maximum limit for the native heap growth. Please use -XX:HeapBaseMinAddress
#     to set the Java Heap base and to place the Java Heap above 4GB virtual address.
# This output file may be truncated or incomplete.
#
#  Out of Memory Error (virtualSpaceNode.cpp:110), pid=23832, tid=23960
#
# JRE version: Java(TM) SE Runtime Environment (19.0.2+7) (build 19.0.2+7-44)
# Java VM: Java HotSpot(TM) 64-Bit Server VM (19.0.2+7-44, mixed mode, tiered, compressed oops, compressed class ptrs, g1 gc, windows-amd64)
# No core dump will be written. Minidumps are not enabled by default on client versions of Windows
#

---------------  S U M M A R Y ------------

Command Line: -Dfile.encoding=UTF-8 --module-path=C:\Users\rajor\eclipse-workspace\BankManagementSystem\bin;C:\Users\rajor\eclipse-workspace\BankManagementSystem\src\drive-download-20230923T095932Z-001\jcalendar-tz-1.3.3-4.jar;C:\Users\rajor\OneDrive\Desktop\mysql-connector-j-8.1.0\mysql-connector-j-8.1.0\mysql-connector-j-8.1.0.jar -XX:+ShowCodeDetailsInExceptionMessages -Djdk.module.main=BankManagementSystem BankManagementSystem/bank.management.system.SignUpThree

Host: AMD Ryzen 3 5300U with Radeon Graphics         , 8 cores, 5G,  Windows 11 , 64 bit Build 22621 (10.0.22621.2215)
Time: Mon Sep 25 16:37:51 2023 India Standard Time elapsed time: 1.765611 seconds (0d 0h 0m 1s)

---------------  T H R E A D  ---------------

Current thread (0x000001b1b8b87010):  JavaThread "main" [_thread_in_vm, id=23960, stack(0x000000653d900000,0x000000653da00000)]

Stack: [0x000000653d900000,0x000000653da00000]
Native frames: (J=compiled Java code, j=interpreted, Vv=VM code, C=native code)
V  [jvm.dll+0x6ee21a]
V  [jvm.dll+0x85765e]
V  [jvm.dll+0x85904e]
V  [jvm.dll+0x859703]
V  [jvm.dll+0x28298f]
V  [jvm.dll+0x8532db]
V  [jvm.dll+0x692cb6]
V  [jvm.dll+0x692d1a]
V  [jvm.dll+0x695613]
V  [jvm.dll+0x6954de]
V  [jvm.dll+0x6936de]
V  [jvm.dll+0x2801cc]
V  [jvm.dll+0x7432cd]
V  [jvm.dll+0x743ccf]
V  [jvm.dll+0x3c999e]
V  [jvm.dll+0x3c9826]
V  [jvm.dll+0x3c9826]
V  [jvm.dll+0x3c9826]
V  [jvm.dll+0x3c8b14]
V  [jvm.dll+0x3c8ab8]
V  [jvm.dll+0x47145b]
C  [java.dll+0x13e9]

Java frames: (J=compiled Java code, j=interpreted, Vv=VM code)
j  java.lang.Class.forName0(Ljava/lang/String;ZLjava/lang/ClassLoader;Ljava/lang/Class;)Ljava/lang/Class;+0 java.base@19.0.2
j  java.lang.Class.forName(Ljava/lang/String;ZLjava/lang/ClassLoader;Ljava/lang/Class;)Ljava/lang/Class;+37 java.base@19.0.2
j  java.lang.Class.forName(Ljava/lang/String;ZLjava/lang/ClassLoader;)Ljava/lang/Class;+20 java.base@19.0.2
j  javax.swing.SwingUtilities.loadSystemClass(Ljava/lang/String;)Ljava/lang/Class;+12 java.desktop@19.0.2
j  javax.swing.UIDefaults.getUIClass(Ljava/lang/String;Ljava/lang/ClassLoader;)Ljava/lang/Class;+37 java.desktop@19.0.2
j  javax.swing.UIDefaults.getUI(Ljavax/swing/JComponent;)Ljavax/swing/plaf/ComponentUI;+32 java.desktop@19.0.2
j  javax.swing.UIManager.getUI(Ljavax/swing/JComponent;)Ljavax/swing/plaf/ComponentUI;+37 java.desktop@19.0.2
j  javax.swing.JRadioButton.updateUI()V+2 java.desktop@19.0.2
j  javax.swing.AbstractButton.init(Ljava/lang/String;Ljavax/swing/Icon;)V+19 java.desktop@19.0.2
j  javax.swing.JToggleButton.<init>(Ljava/lang/String;Ljavax/swing/Icon;Z)V+28 java.desktop@19.0.2
j  javax.swing.JRadioButton.<init>(Ljava/lang/String;Ljavax/swing/Icon;Z)V+4 java.desktop@19.0.2
j  javax.swing.JRadioButton.<init>(Ljava/lang/String;)V+4 java.desktop@19.0.2
j  bank.management.system.SignUpThree.<init>()V+107 BankManagementSystem
j  bank.management.system.SignUpThree.main([Ljava/lang/String;)V+3 BankManagementSystem
v  ~StubRoutines::call_stub 0x000001b1c802100e

---------------  P R O C E S S  ---------------

Threads class SMR info:
_java_thread_list=0x000001b1da850310, length=15, elements={
0x000001b1b8b87010, 0x000001b1da44b550, 0x000001b1da44d090, 0x000001b1da44e5e0,
0x000001b1da451330, 0x000001b1da451c60, 0x000001b1da452590, 0x000001b1da46c510,
0x000001b1da46d5c0, 0x000001b1da49b0c0, 0x000001b1da62d020, 0x000001b1da67bbc0,
0x000001b1da967020, 0x000001b1da9723c0, 0x000001b1da852b70
}

Java Threads: ( => current thread )
=>0x000001b1b8b87010 JavaThread "main" [_thread_in_vm, id=23960, stack(0x000000653d900000,0x000000653da00000)]
  0x000001b1da44b550 JavaThread "Reference Handler" daemon [_thread_blocked, id=1344, stack(0x000000653e000000,0x000000653e100000)]
  0x000001b1da44d090 JavaThread "Finalizer" daemon [_thread_blocked, id=24044, stack(0x000000653e100000,0x000000653e200000)]
  0x000001b1da44e5e0 JavaThread "Signal Dispatcher" daemon [_thread_blocked, id=24048, stack(0x000000653e200000,0x000000653e300000)]
  0x000001b1da451330 JavaThread "Attach Listener" daemon [_thread_blocked, id=24052, stack(0x000000653e300000,0x000000653e400000)]
  0x000001b1da451c60 JavaThread "Service Thread" daemon [_thread_blocked, id=24040, stack(0x000000653e400000,0x000000653e500000)]
  0x000001b1da452590 JavaThread "Monitor Deflation Thread" daemon [_thread_blocked, id=24080, stack(0x000000653e500000,0x000000653e600000)]
  0x000001b1da46c510 JavaThread "C2 CompilerThread0" daemon [_thread_blocked, id=24076, stack(0x000000653e600000,0x000000653e700000)]
  0x000001b1da46d5c0 JavaThread "C1 CompilerThread0" daemon [_thread_blocked, id=24084, stack(0x000000653e700000,0x000000653e800000)]
  0x000001b1da49b0c0 JavaThread "Sweeper thread" daemon [_thread_blocked, id=5876, stack(0x000000653e800000,0x000000653e900000)]
  0x000001b1da62d020 JavaThread "Common-Cleaner" daemon [_thread_blocked, id=12608, stack(0x000000653e900000,0x000000653ea00000)]
  0x000001b1da67bbc0 JavaThread "Notification Thread" daemon [_thread_blocked, id=24112, stack(0x000000653eb00000,0x000000653ec00000)]
  0x000001b1da967020 JavaThread "Java2D Disposer" daemon [_thread_blocked, id=24192, stack(0x000000653ea00000,0x000000653eb00000)]
  0x000001b1da9723c0 JavaThread "AWT-Shutdown" [_thread_blocked, id=24216, stack(0x000000653ed00000,0x000000653ee00000)]
  0x000001b1da852b70 JavaThread "AWT-Windows" daemon [_thread_in_native, id=24220, stack(0x000000653ee00000,0x000000653ef00000)]

Other Threads:
  0x000001b1d601be30 VMThread "VM Thread" [stack: 0x000000653df00000,0x000000653e000000] [id=23984]
  0x000001b1da7d6720 WatcherThread "VM Periodic Task Thread" [stack: 0x000000653ec00000,0x000000653ed00000] [id=24116]
  0x000001b1b8bd8cf0 WorkerThread "GC Thread#0" [stack: 0x000000653da00000,0x000000653db00000] [id=6416]
  0x000001b1b8be5810 ConcurrentGCThread "G1 Main Marker" [stack: 0x000000653db00000,0x000000653dc00000] [id=23972]
  0x000001b1b8be6240 WorkerThread "G1 Conc#0" [stack: 0x000000653dc00000,0x000000653dd00000] [id=23968]
  0x000001b1b8c4e580 ConcurrentGCThread "G1 Refine#0" [stack: 0x000000653dd00000,0x000000653de00000] [id=23924]
  0x000001b1d5ebc270 ConcurrentGCThread "G1 Service" [stack: 0x000000653de00000,0x000000653df00000] [id=24020]

Threads with active compile tasks:

VM state: not at safepoint (normal execution)

VM Mutex/Monitor currently owned by a thread:  ([mutex/lock_event])
[0x000001b1b6a6c000] Metaspace_lock - owner thread: 0x000001b1b8b87010

Heap address: 0x00000000a2200000, size: 1502 MB, Compressed Oops mode: 32-bit

CDS archive(s) not mapped
Compressed class space mapped at: 0x0000000100000000-0x0000000140000000, reserved size: 1073741824
Narrow klass base: 0x0000000000000000, Narrow klass shift: 3, Narrow klass range: 0x140000000

GC Precious Log:
 CardTable entry size: 512
 Card Set container configuration: InlinePtr #cards 5 size 8 Array Of Cards #cards 12 size 40 Howl #buckets 4 coarsen threshold 1843 Howl Bitmap #cards 512 size 80 coarsen threshold 460 Card regions per heap region 1 cards per card region 2048
 CPUs: 8 total, 8 available
 Memory: 6006M
 Large Page Support: Disabled
 NUMA Support: Disabled
 Compressed Oops: Enabled (32-bit)
 Heap Region Size: 1M
 Heap Min Capacity: 8M
 Heap Initial Capacity: 94M
 Heap Max Capacity: 1502M
 Pre-touch: Disabled
 Parallel Workers: 8
 Concurrent Workers: 2
 Concurrent Refinement Workers: 8
 Periodic GC: Disabled

Heap:
 garbage-first heap   total 96256K, used 6144K [0x00000000a2200000, 0x0000000100000000)
  region size 1024K, 8 young (8192K), 0 survivors (0K)
 Metaspace       used 12113K, committed 12352K, reserved 1114112K
  class space    used 1127K, committed 1280K, reserved 1048576K

Heap Regions: E=young(eden), S=young(survivor), O=old, HS=humongous(starts), HC=humongous(continues), CS=collection set, F=free, OA=open archive, CA=closed archive, TAMS=top-at-mark-start (previous, next)
|   0|0x00000000a2200000, 0x00000000a2200000, 0x00000000a2300000|  0%| F|  |TAMS 0x00000000a2200000, 0x00000000a2200000| Untracked 
|   1|0x00000000a2300000, 0x00000000a2300000, 0x00000000a2400000|  0%| F|  |TAMS 0x00000000a2300000, 0x00000000a2300000| Untracked 
|   2|0x00000000a2400000, 0x00000000a2400000, 0x00000000a2500000|  0%| F|  |TAMS 0x00000000a2400000, 0x00000000a2400000| Untracked 
|   3|0x00000000a2500000, 0x00000000a2500000, 0x00000000a2600000|  0%| F|  |TAMS 0x00000000a2500000, 0x00000000a2500000| Untracked 
|   4|0x00000000a2600000, 0x00000000a2600000, 0x00000000a2700000|  0%| F|  |TAMS 0x00000000a2600000, 0x00000000a2600000| Untracked 
|   5|0x00000000a2700000, 0x00000000a2700000, 0x00000000a2800000|  0%| F|  |TAMS 0x00000000a2700000, 0x00000000a2700000| Untracked 
|   6|0x00000000a2800000, 0x00000000a2800000, 0x00000000a2900000|  0%| F|  |TAMS 0x00000000a2800000, 0x00000000a2800000| Untracked 
|   7|0x00000000a2900000, 0x00000000a2900000, 0x00000000a2a00000|  0%| F|  |TAMS 0x00000000a2900000, 0x00000000a2900000| Untracked 
|   8|0x00000000a2a00000, 0x00000000a2a00000, 0x00000000a2b00000|  0%| F|  |TAMS 0x00000000a2a00000, 0x00000000a2a00000| Untracked 
|   9|0x00000000a2b00000, 0x00000000a2b00000, 0x00000000a2c00000|  0%| F|  |TAMS 0x00000000a2b00000, 0x00000000a2b00000| Untracked 
|  10|0x00000000a2c00000, 0x00000000a2c00000, 0x00000000a2d00000|  0%| F|  |TAMS 0x00000000a2c00000, 0x00000000a2c00000| Untracked 
|  11|0x00000000a2d00000, 0x00000000a2d00000, 0x00000000a2e00000|  0%| F|  |TAMS 0x00000000a2d00000, 0x00000000a2d00000| Untracked 
|  12|0x00000000a2e00000, 0x00000000a2e00000, 0x00000000a2f00000|  0%| F|  |TAMS 0x00000000a2e00000, 0x00000000a2e00000| Untracked 
|  13|0x00000000a2f00000, 0x00000000a2f00000, 0x00000000a3000000|  0%| F|  |TAMS 0x00000000a2f00000, 0x00000000a2f00000| Untracked 
|  14|0x00000000a3000000, 0x00000000a3000000, 0x00000000a3100000|  0%| F|  |TAMS 0x00000000a3000000, 0x00000000a3000000| Untracked 
|  15|0x00000000a3100000, 0x00000000a3100000, 0x00000000a3200000|  0%| F|  |TAMS 0x00000000a3100000, 0x00000000a3100000| Untracked 
|  16|0x00000000a3200000, 0x00000000a3200000, 0x00000000a3300000|  0%| F|  |TAMS 0x00000000a3200000, 0x00000000a3200000| Untracked 
|  17|0x00000000a3300000, 0x00000000a3300000, 0x00000000a3400000|  0%| F|  |TAMS 0x00000000a3300000, 0x00000000a3300000| Untracked 
|  18|0x00000000a3400000, 0x00000000a3400000, 0x00000000a3500000|  0%| F|  |TAMS 0x00000000a3400000, 0x00000000a3400000| Untracked 
|  19|0x00000000a3500000, 0x00000000a3500000, 0x00000000a3600000|  0%| F|  |TAMS 0x00000000a3500000, 0x00000000a3500000| Untracked 
|  20|0x00000000a3600000, 0x00000000a3600000, 0x00000000a3700000|  0%| F|  |TAMS 0x00000000a3600000, 0x00000000a3600000| Untracked 
|  21|0x00000000a3700000, 0x00000000a3700000, 0x00000000a3800000|  0%| F|  |TAMS 0x00000000a3700000, 0x00000000a3700000| Untracked 
|  22|0x00000000a3800000, 0x00000000a3800000, 0x00000000a3900000|  0%| F|  |TAMS 0x00000000a3800000, 0x00000000a3800000| Untracked 
|  23|0x00000000a3900000, 0x00000000a3900000, 0x00000000a3a00000|  0%| F|  |TAMS 0x00000000a3900000, 0x00000000a3900000| Untracked 
|  24|0x00000000a3a00000, 0x00000000a3a00000, 0x00000000a3b00000|  0%| F|  |TAMS 0x00000000a3a00000, 0x00000000a3a00000| Untracked 
|  25|0x00000000a3b00000, 0x00000000a3b00000, 0x00000000a3c00000|  0%| F|  |TAMS 0x00000000a3b00000, 0x00000000a3b00000| Untracked 
|  26|0x00000000a3c00000, 0x00000000a3c00000, 0x00000000a3d00000|  0%| F|  |TAMS 0x00000000a3c00000, 0x00000000a3c00000| Untracked 
|  27|0x00000000a3d00000, 0x00000000a3d00000, 0x00000000a3e00000|  0%| F|  |TAMS 0x00000000a3d00000, 0x00000000a3d00000| Untracked 
|  28|0x00000000a3e00000, 0x00000000a3e00000, 0x00000000a3f00000|  0%| F|  |TAMS 0x00000000a3e00000, 0x00000000a3e00000| Untracked 
|  29|0x00000000a3f00000, 0x00000000a3f00000, 0x00000000a4000000|  0%| F|  |TAMS 0x00000000a3f00000, 0x00000000a3f00000| Untracked 
|  30|0x00000000a4000000, 0x00000000a4000000, 0x00000000a4100000|  0%| F|  |TAMS 0x00000000a4000000, 0x00000000a4000000| Untracked 
|  31|0x00000000a4100000, 0x00000000a4100000, 0x00000000a4200000|  0%| F|  |TAMS 0x00000000a4100000, 0x00000000a4100000| Untracked 
|  32|0x00000000a4200000, 0x00000000a4200000, 0x00000000a4300000|  0%| F|  |TAMS 0x00000000a4200000, 0x00000000a4200000| Untracked 
|  33|0x00000000a4300000, 0x00000000a4300000, 0x00000000a4400000|  0%| F|  |TAMS 0x00000000a4300000, 0x00000000a4300000| Untracked 
|  34|0x00000000a4400000, 0x00000000a4400000, 0x00000000a4500000|  0%| F|  |TAMS 0x00000000a4400000, 0x00000000a4400000| Untracked 
|  35|0x00000000a4500000, 0x00000000a4500000, 0x00000000a4600000|  0%| F|  |TAMS 0x00000000a4500000, 0x00000000a4500000| Untracked 
|  36|0x00000000a4600000, 0x00000000a4600000, 0x00000000a4700000|  0%| F|  |TAMS 0x00000000a4600000, 0x00000000a4600000| Untracked 
|  37|0x00000000a4700000, 0x00000000a4700000, 0x00000000a4800000|  0%| F|  |TAMS 0x00000000a4700000, 0x00000000a4700000| Untracked 
|  38|0x00000000a4800000, 0x00000000a4800000, 0x00000000a4900000|  0%| F|  |TAMS 0x00000000a4800000, 0x00000000a4800000| Untracked 
|  39|0x00000000a4900000, 0x00000000a4900000, 0x00000000a4a00000|  0%| F|  |TAMS 0x00000000a4900000, 0x00000000a4900000| Untracked 
|  40|0x00000000a4a00000, 0x00000000a4a00000, 0x00000000a4b00000|  0%| F|  |TAMS 0x00000000a4a00000, 0x00000000a4a00000| Untracked 
|  41|0x00000000a4b00000, 0x00000000a4b00000, 0x00000000a4c00000|  0%| F|  |TAMS 0x00000000a4b00000, 0x00000000a4b00000| Untracked 
|  42|0x00000000a4c00000, 0x00000000a4c00000, 0x00000000a4d00000|  0%| F|  |TAMS 0x00000000a4c00000, 0x00000000a4c00000| Untracked 
|  43|0x00000000a4d00000, 0x00000000a4d00000, 0x00000000a4e00000|  0%| F|  |TAMS 0x00000000a4d00000, 0x00000000a4d00000| Untracked 
|  44|0x00000000a4e00000, 0x00000000a4e00000, 0x00000000a4f00000|  0%| F|  |TAMS 0x00000000a4e00000, 0x00000000a4e00000| Untracked 
|  45|0x00000000a4f00000, 0x00000000a4f00000, 0x00000000a5000000|  0%| F|  |TAMS 0x00000000a4f00000, 0x00000000a4f00000| Untracked 
|  46|0x00000000a5000000, 0x00000000a5000000, 0x00000000a5100000|  0%| F|  |TAMS 0x00000000a5000000, 0x00000000a5000000| Untracked 
|  47|0x00000000a5100000, 0x00000000a5100000, 0x00000000a5200000|  0%| F|  |TAMS 0x00000000a5100000, 0x00000000a5100000| Untracked 
|  48|0x00000000a5200000, 0x00000000a5200000, 0x00000000a5300000|  0%| F|  |TAMS 0x00000000a5200000, 0x00000000a5200000| Untracked 
|  49|0x00000000a5300000, 0x00000000a5300000, 0x00000000a5400000|  0%| F|  |TAMS 0x00000000a5300000, 0x00000000a5300000| Untracked 
|  50|0x00000000a5400000, 0x00000000a5400000, 0x00000000a5500000|  0%| F|  |TAMS 0x00000000a5400000, 0x00000000a5400000| Untracked 
|  51|0x00000000a5500000, 0x00000000a5500000, 0x00000000a5600000|  0%| F|  |TAMS 0x00000000a5500000, 0x00000000a5500000| Untracked 
|  52|0x00000000a5600000, 0x00000000a5600000, 0x00000000a5700000|  0%| F|  |TAMS 0x00000000a5600000, 0x00000000a5600000| Untracked 
|  53|0x00000000a5700000, 0x00000000a5700000, 0x00000000a5800000|  0%| F|  |TAMS 0x00000000a5700000, 0x00000000a5700000| Untracked 
|  54|0x00000000a5800000, 0x00000000a5800000, 0x00000000a5900000|  0%| F|  |TAMS 0x00000000a5800000, 0x00000000a5800000| Untracked 
|  55|0x00000000a5900000, 0x00000000a5900000, 0x00000000a5a00000|  0%| F|  |TAMS 0x00000000a5900000, 0x00000000a5900000| Untracked 
|  56|0x00000000a5a00000, 0x00000000a5a00000, 0x00000000a5b00000|  0%| F|  |TAMS 0x00000000a5a00000, 0x00000000a5a00000| Untracked 
|  57|0x00000000a5b00000, 0x00000000a5b00000, 0x00000000a5c00000|  0%| F|  |TAMS 0x00000000a5b00000, 0x00000000a5b00000| Untracked 
|  58|0x00000000a5c00000, 0x00000000a5c00000, 0x00000000a5d00000|  0%| F|  |TAMS 0x00000000a5c00000, 0x00000000a5c00000| Untracked 
|  59|0x00000000a5d00000, 0x00000000a5d00000, 0x00000000a5e00000|  0%| F|  |TAMS 0x00000000a5d00000, 0x00000000a5d00000| Untracked 
|  60|0x00000000a5e00000, 0x00000000a5e00000, 0x00000000a5f00000|  0%| F|  |TAMS 0x00000000a5e00000, 0x00000000a5e00000| Untracked 
|  61|0x00000000a5f00000, 0x00000000a5f00000, 0x00000000a6000000|  0%| F|  |TAMS 0x00000000a5f00000, 0x00000000a5f00000| Untracked 
|  62|0x00000000a6000000, 0x00000000a6000000, 0x00000000a6100000|  0%| F|  |TAMS 0x00000000a6000000, 0x00000000a6000000| Untracked 
|  63|0x00000000a6100000, 0x00000000a6100000, 0x00000000a6200000|  0%| F|  |TAMS 0x00000000a6100000, 0x00000000a6100000| Untracked 
|  64|0x00000000a6200000, 0x00000000a6200000, 0x00000000a6300000|  0%| F|  |TAMS 0x00000000a6200000, 0x00000000a6200000| Untracked 
|  65|0x00000000a6300000, 0x00000000a6300000, 0x00000000a6400000|  0%| F|  |TAMS 0x00000000a6300000, 0x00000000a6300000| Untracked 
|  66|0x00000000a6400000, 0x00000000a6400000, 0x00000000a6500000|  0%| F|  |TAMS 0x00000000a6400000, 0x00000000a6400000| Untracked 
|  67|0x00000000a6500000, 0x00000000a6500000, 0x00000000a6600000|  0%| F|  |TAMS 0x00000000a6500000, 0x00000000a6500000| Untracked 
|  68|0x00000000a6600000, 0x00000000a6600000, 0x00000000a6700000|  0%| F|  |TAMS 0x00000000a6600000, 0x00000000a6600000| Untracked 
|  69|0x00000000a6700000, 0x00000000a6700000, 0x00000000a6800000|  0%| F|  |TAMS 0x00000000a6700000, 0x00000000a6700000| Untracked 
|  70|0x00000000a6800000, 0x00000000a6800000, 0x00000000a6900000|  0%| F|  |TAMS 0x00000000a6800000, 0x00000000a6800000| Untracked 
|  71|0x00000000a6900000, 0x00000000a6900000, 0x00000000a6a00000|  0%| F|  |TAMS 0x00000000a6900000, 0x00000000a6900000| Untracked 
|  72|0x00000000a6a00000, 0x00000000a6a00000, 0x00000000a6b00000|  0%| F|  |TAMS 0x00000000a6a00000, 0x00000000a6a00000| Untracked 
|  73|0x00000000a6b00000, 0x00000000a6b00000, 0x00000000a6c00000|  0%| F|  |TAMS 0x00000000a6b00000, 0x00000000a6b00000| Untracked 
|  74|0x00000000a6c00000, 0x00000000a6c00000, 0x00000000a6d00000|  0%| F|  |TAMS 0x00000000a6c00000, 0x00000000a6c00000| Untracked 
|  75|0x00000000a6d00000, 0x00000000a6d00000, 0x00000000a6e00000|  0%| F|  |TAMS 0x00000000a6d00000, 0x00000000a6d00000| Untracked 
|  76|0x00000000a6e00000, 0x00000000a6e00000, 0x00000000a6f00000|  0%| F|  |TAMS 0x00000000a6e00000, 0x00000000a6e00000| Untracked 
|  77|0x00000000a6f00000, 0x00000000a6f00000, 0x00000000a7000000|  0%| F|  |TAMS 0x00000000a6f00000, 0x00000000a6f00000| Untracked 
|  78|0x00000000a7000000, 0x00000000a7000000, 0x00000000a7100000|  0%| F|  |TAMS 0x00000000a7000000, 0x00000000a7000000| Untracked 
|  79|0x00000000a7100000, 0x00000000a7100000, 0x00000000a7200000|  0%| F|  |TAMS 0x00000000a7100000, 0x00000000a7100000| Untracked 
|  80|0x00000000a7200000, 0x00000000a7200000, 0x00000000a7300000|  0%| F|  |TAMS 0x00000000a7200000, 0x00000000a7200000| Untracked 
|  81|0x00000000a7300000, 0x00000000a7300000, 0x00000000a7400000|  0%| F|  |TAMS 0x00000000a7300000, 0x00000000a7300000| Untracked 
|  82|0x00000000a7400000, 0x00000000a7400000, 0x00000000a7500000|  0%| F|  |TAMS 0x00000000a7400000, 0x00000000a7400000| Untracked 
|  83|0x00000000a7500000, 0x00000000a7500000, 0x00000000a7600000|  0%| F|  |TAMS 0x00000000a7500000, 0x00000000a7500000| Untracked 
|  84|0x00000000a7600000, 0x00000000a7600000, 0x00000000a7700000|  0%| F|  |TAMS 0x00000000a7600000, 0x00000000a7600000| Untracked 
|  85|0x00000000a7700000, 0x00000000a7700000, 0x00000000a7800000|  0%| F|  |TAMS 0x00000000a7700000, 0x00000000a7700000| Untracked 
|  86|0x00000000a7800000, 0x00000000a7876638, 0x00000000a7900000| 46%| E|  |TAMS 0x00000000a7800000, 0x00000000a7800000| Complete 
|  87|0x00000000a7900000, 0x00000000a7a00000, 0x00000000a7a00000|100%| E|CS|TAMS 0x00000000a7900000, 0x00000000a7900000| Complete 
|  88|0x00000000a7a00000, 0x00000000a7b00000, 0x00000000a7b00000|100%| E|CS|TAMS 0x00000000a7a00000, 0x00000000a7a00000| Complete 
|  89|0x00000000a7b00000, 0x00000000a7c00000, 0x00000000a7c00000|100%| E|CS|TAMS 0x00000000a7b00000, 0x00000000a7b00000| Complete 
|  90|0x00000000a7c00000, 0x00000000a7d00000, 0x00000000a7d00000|100%| E|  |TAMS 0x00000000a7c00000, 0x00000000a7c00000| Complete 
|  91|0x00000000a7d00000, 0x00000000a7e00000, 0x00000000a7e00000|100%| E|CS|TAMS 0x00000000a7d00000, 0x00000000a7d00000| Complete 
|  92|0x00000000a7e00000, 0x00000000a7f00000, 0x00000000a7f00000|100%| E|CS|TAMS 0x00000000a7e00000, 0x00000000a7e00000| Complete 
|  93|0x00000000a7f00000, 0x00000000a8000000, 0x00000000a8000000|100%| E|CS|TAMS 0x00000000a7f00000, 0x00000000a7f00000| Complete 

Card table byte_map: [0x000001b1d0110000,0x000001b1d0400000] _byte_map_base: 0x000001b1cfbff000

Marking Bits (Prev, Next): (CMBitMap*) 0x000001b1b8bd9320, (CMBitMap*) 0x000001b1b8bd9360
 Prev Bits: [0x000001b1d06f0000, 0x000001b1d1e68000)
 Next Bits: [0x000001b1d1e70000, 0x000001b1d35e8000)

Polling page: 0x000001b1b8350000

Metaspace:

Usage:
  Non-class:     10.73 MB used.
      Class:      1.10 MB used.
       Both:     11.83 MB used.

Virtual space:
  Non-class space:       64.00 MB reserved,      10.81 MB ( 17%) committed,  1 nodes.
      Class space:        1.00 GB reserved,       1.25 MB ( <1%) committed,  1 nodes.
             Both:        1.06 GB reserved,      12.06 MB (  1%) committed. 

Chunk freelists:
   Non-Class:  1004.00 KB
       Class:  2.74 MB
        Both:  3.72 MB

MaxMetaspaceSize: unlimited
CompressedClassSpaceSize: 1.00 GB
Initial GC threshold: 21.00 MB
Current GC threshold: 21.00 MB
CDS: off
MetaspaceReclaimPolicy: balanced
 - commit_granule_bytes: 65536.
 - commit_granule_words: 8192.
 - virtual_space_node_default_size: 8388608.
 - enlarge_chunks_in_place: 1.
 - new_chunks_are_fully_committed: 0.
 - uncommit_free_chunks: 1.
 - use_allocation_guard: 0.


Internal statistics:

num_allocs_failed_limit: 0.
num_arena_births: 126.
num_arena_deaths: 0.
num_vsnodes_births: 2.
num_vsnodes_deaths: 0.
num_space_committed: 193.
num_space_uncommitted: 0.
num_chunks_returned_to_freelist: 0.
num_chunks_taken_from_freelist: 163.
num_chunk_merges: 0.
num_chunk_splits: 100.
num_chunks_enlarged: 61.
num_inconsistent_stats: 0.

CodeHeap 'non-profiled nmethods': size=120000Kb used=206Kb max_used=206Kb free=119793Kb
 bounds [0x000001b1c85c0000, 0x000001b1c8830000, 0x000001b1cfaf0000]
CodeHeap 'profiled nmethods': size=120000Kb used=1007Kb max_used=1007Kb free=118992Kb
 bounds [0x000001b1c0af0000, 0x000001b1c0d60000, 0x000001b1c8020000]
CodeHeap 'non-nmethods': size=5760Kb used=1285Kb max_used=1299Kb free=4474Kb
 bounds [0x000001b1c8020000, 0x000001b1c8290000, 0x000001b1c85c0000]
 total_blobs=1187 nmethods=678 adapters=420
 compilation: enabled
              stopped_count=0, restarted_count=0
 full_count=0

Compilation events (20 events):
Event: 1.732 Thread 0x000001b1da46d5c0 nmethod 669 0x000001b1c0be6390 code [0x000001b1c0be65e0, 0x000001b1c0be7068]
Event: 1.738 Thread 0x000001b1da46c510 nmethod 666 0x000001b1c85f1810 code [0x000001b1c85f1a20, 0x000001b1c85f2570]
Event: 1.738 Thread 0x000001b1da46c510  667       4       java.lang.String::startsWith (138 bytes)
Event: 1.740 Thread 0x000001b1da46d5c0  670       3       java.lang.invoke.DirectMethodHandle::make (275 bytes)
Event: 1.743 Thread 0x000001b1da46d5c0 nmethod 670 0x000001b1c0be7390 code [0x000001b1c0be7740, 0x000001b1c0be8b58]
Event: 1.743 Thread 0x000001b1da46d5c0  671       3       java.lang.invoke.MemberName::isField (8 bytes)
Event: 1.743 Thread 0x000001b1da46d5c0 nmethod 671 0x000001b1c0be9390 code [0x000001b1c0be9540, 0x000001b1c0be9778]
Event: 1.743 Thread 0x000001b1da46d5c0  672       1       java.lang.reflect.Field::getName (5 bytes)
Event: 1.743 Thread 0x000001b1da46d5c0 nmethod 672 0x000001b1c85f2c90 code [0x000001b1c85f2e20, 0x000001b1c85f2ed8]
Event: 1.745 Thread 0x000001b1da46c510 nmethod 667 0x000001b1c85f2f90 code [0x000001b1c85f3120, 0x000001b1c85f33b8]
Event: 1.752 Thread 0x000001b1da46d5c0  674       3       sun.util.logging.PlatformLogger::isLoggable (23 bytes)
Event: 1.752 Thread 0x000001b1da46d5c0 nmethod 674 0x000001b1c0be9890 code [0x000001b1c0be9a60, 0x000001b1c0be9d18]
Event: 1.752 Thread 0x000001b1da46d5c0  675       3       jdk.internal.logger.AbstractLoggerWrapper::isLoggable (26 bytes)
Event: 1.753 Thread 0x000001b1da46d5c0 nmethod 675 0x000001b1c0be9e10 code [0x000001b1c0bea000, 0x000001b1c0bea578]
Event: 1.754 Thread 0x000001b1da46d5c0  676       3       java.lang.Class::cast (27 bytes)
Event: 1.754 Thread 0x000001b1da46d5c0 nmethod 676 0x000001b1c0bea710 code [0x000001b1c0bea8e0, 0x000001b1c0beab98]
Event: 1.754 Thread 0x000001b1da46d5c0  677   !   3       sun.awt.AppContext::get (123 bytes)
Event: 1.755 Thread 0x000001b1da46d5c0 nmethod 677 0x000001b1c0beac90 code [0x000001b1c0beaec0, 0x000001b1c0beb908]
Event: 1.756 Thread 0x000001b1da46d5c0  678       1       java.beans.PropertyChangeEvent::getPropertyName (5 bytes)
Event: 1.757 Thread 0x000001b1da46d5c0 nmethod 678 0x000001b1c85f3890 code [0x000001b1c85f3a20, 0x000001b1c85f3ad8]

GC Heap History (0 events):
No events

Dll operation events (7 events):
Event: 0.010 Loaded shared library C:\Program Files\Java\jdk-19\bin\java.dll
Event: 0.070 Loaded shared library C:\Program Files\Java\jdk-19\bin\jsvml.dll
Event: 0.258 Loaded shared library C:\Program Files\Java\jdk-19\bin\net.dll
Event: 0.261 Loaded shared library C:\Program Files\Java\jdk-19\bin\nio.dll
Event: 0.325 Loaded shared library C:\Program Files\Java\jdk-19\bin\zip.dll
Event: 0.735 Loaded shared library C:\Program Files\Java\jdk-19\bin\jimage.dll
Event: 0.963 Loaded shared library C:\Program Files\Java\jdk-19\bin\awt.dll

Deoptimization events (20 events):
Event: 1.705 Thread 0x000001b1b8b87010 Uncommon trap: trap_request=0xffffffc6 fr.pc=0x000001b1c85dc900 relative=0x0000000000000bc0
Event: 1.705 Thread 0x000001b1b8b87010 Uncommon trap: reason=bimorphic_or_optimized_type_check action=maybe_recompile pc=0x000001b1c85dc900 method=java.util.HashMap.putVal(ILjava/lang/Object;Ljava/lang/Object;ZZ)Ljava/lang/Object; @ 56 c2
Event: 1.705 Thread 0x000001b1b8b87010 DEOPT PACKING pc=0x000001b1c85dc900 sp=0x000000653d9feb50
Event: 1.705 Thread 0x000001b1b8b87010 DEOPT UNPACKING pc=0x000001b1c8086da3 sp=0x000000653d9feae8 mode 2
Event: 1.705 Thread 0x000001b1b8b87010 Uncommon trap: trap_request=0xffffffc6 fr.pc=0x000001b1c85dc900 relative=0x0000000000000bc0
Event: 1.705 Thread 0x000001b1b8b87010 Uncommon trap: reason=bimorphic_or_optimized_type_check action=maybe_recompile pc=0x000001b1c85dc900 method=java.util.HashMap.putVal(ILjava/lang/Object;Ljava/lang/Object;ZZ)Ljava/lang/Object; @ 56 c2
Event: 1.705 Thread 0x000001b1b8b87010 DEOPT PACKING pc=0x000001b1c85dc900 sp=0x000000653d9feb50
Event: 1.705 Thread 0x000001b1b8b87010 DEOPT UNPACKING pc=0x000001b1c8086da3 sp=0x000000653d9feae8 mode 2
Event: 1.705 Thread 0x000001b1b8b87010 Uncommon trap: trap_request=0xffffffc6 fr.pc=0x000001b1c85dc900 relative=0x0000000000000bc0
Event: 1.705 Thread 0x000001b1b8b87010 Uncommon trap: reason=bimorphic_or_optimized_type_check action=maybe_recompile pc=0x000001b1c85dc900 method=java.util.HashMap.putVal(ILjava/lang/Object;Ljava/lang/Object;ZZ)Ljava/lang/Object; @ 56 c2
Event: 1.705 Thread 0x000001b1b8b87010 DEOPT PACKING pc=0x000001b1c85dc900 sp=0x000000653d9feb50
Event: 1.705 Thread 0x000001b1b8b87010 DEOPT UNPACKING pc=0x000001b1c8086da3 sp=0x000000653d9feae8 mode 2
Event: 1.731 Thread 0x000001b1b8b87010 Uncommon trap: trap_request=0xffffff45 fr.pc=0x000001b1c85ebc70 relative=0x00000000000000d0
Event: 1.731 Thread 0x000001b1b8b87010 Uncommon trap: reason=unstable_if action=reinterpret pc=0x000001b1c85ebc70 method=java.util.HashMap.hash(Ljava/lang/Object;)I @ 1 c2
Event: 1.731 Thread 0x000001b1b8b87010 DEOPT PACKING pc=0x000001b1c85ebc70 sp=0x000000653d9fecf0
Event: 1.731 Thread 0x000001b1b8b87010 DEOPT UNPACKING pc=0x000001b1c8086da3 sp=0x000000653d9fec30 mode 2
Event: 1.756 Thread 0x000001b1b8b87010 Uncommon trap: trap_request=0xffffff45 fr.pc=0x000001b1c85d6034 relative=0x0000000000000094
Event: 1.756 Thread 0x000001b1b8b87010 Uncommon trap: reason=unstable_if action=reinterpret pc=0x000001b1c85d6034 method=java.util.HashMap.hash(Ljava/lang/Object;)I @ 1 c2
Event: 1.756 Thread 0x000001b1b8b87010 DEOPT PACKING pc=0x000001b1c85d6034 sp=0x000000653d9fedc0
Event: 1.756 Thread 0x000001b1b8b87010 DEOPT UNPACKING pc=0x000001b1c8086da3 sp=0x000000653d9fed58 mode 2

Classes loaded (20 events):
Event: 1.758 Loading class javax/swing/DefaultButtonModel done
Event: 1.758 Loading class javax/swing/JToggleButton$ToggleButtonModel done
Event: 1.759 Loading class javax/swing/AbstractButton$Handler
Event: 1.759 Loading class java/awt/event/ActionListener
Event: 1.759 Loading class java/awt/event/ActionListener done
Event: 1.759 Loading class javax/swing/event/ChangeListener
Event: 1.759 Loading class javax/swing/event/ChangeListener done
Event: 1.759 Loading class java/awt/event/ItemListener
Event: 1.760 Loading class java/awt/event/ItemListener done
Event: 1.760 Loading class javax/swing/AbstractButton$Handler done
Event: 1.760 Loading class javax/swing/plaf/metal/MetalRadioButtonUI
Event: 1.761 Loading class javax/swing/plaf/basic/BasicRadioButtonUI
Event: 1.761 Loading class javax/swing/plaf/basic/BasicToggleButtonUI
Event: 1.761 Loading class javax/swing/plaf/basic/BasicButtonUI
Event: 1.762 Loading class javax/swing/plaf/ButtonUI
Event: 1.762 Loading class javax/swing/plaf/ButtonUI done
Event: 1.762 Loading class javax/swing/plaf/basic/BasicButtonUI done
Event: 1.762 Loading class javax/swing/plaf/basic/BasicToggleButtonUI done
Event: 1.762 Loading class javax/swing/plaf/basic/BasicRadioButtonUI done
Event: 1.762 Loading class javax/swing/plaf/metal/MetalRadioButtonUI done

Classes unloaded (0 events):
No events

Classes redefined (0 events):
No events

Internal exceptions (18 events):
Event: 0.279 Thread 0x000001b1b8b87010 Exception <a 'java/lang/NoSuchMethodError'{0x00000000a7e3c790}: 'void java.lang.invoke.DirectMethodHandle$Holder.invokeVirtual(java.lang.Object, java.lang.Object)'> (0x00000000a7e3c790) 
thrown [s\open\src\hotspot\share\interpreter\linkResolver.cpp, line 774]
Event: 0.401 Thread 0x000001b1b8b87010 Exception <a 'java/lang/NoSuchMethodError'{0x00000000a7c47ed0}: 'void java.lang.invoke.DirectMethodHandle$Holder.invokeSpecial(java.lang.Object, java.lang.Object, java.lang.Object)'> (0x00000000a7c47ed0) 
thrown [s\open\src\hotspot\share\interpreter\linkResolver.cpp, line 774]
Event: 0.404 Thread 0x000001b1b8b87010 Exception <a 'java/lang/NoSuchMethodError'{0x00000000a7c53390}: 'void java.lang.invoke.DirectMethodHandle$Holder.invokeSpecial(java.lang.Object, java.lang.Object, java.lang.Object, java.lang.Object, java.lang.Object)'> (0x00000000a7c53390) 
thrown [s\open\src\hotspot\share\interpreter\linkResolver.cpp, line 774]
Event: 0.412 Thread 0x000001b1b8b87010 Exception <a 'java/lang/NoSuchMethodError'{0x00000000a7c668b8}: 'java.lang.Object java.lang.invoke.DirectMethodHandle$Holder.invokeInterface(java.lang.Object, java.lang.Object)'> (0x00000000a7c668b8) 
thrown [s\open\src\hotspot\share\interpreter\linkResolver.cpp, line 774]
Event: 0.413 Thread 0x000001b1b8b87010 Exception <a 'java/lang/IncompatibleClassChangeError'{0x00000000a7c69e08}: Found class java.lang.Object, but interface was expected> (0x00000000a7c69e08) 
thrown [s\open\src\hotspot\share\interpreter\linkResolver.cpp, line 841]
Event: 0.414 Thread 0x000001b1b8b87010 Exception <a 'java/lang/NoSuchMethodError'{0x00000000a7c6cc60}: 'void java.lang.invoke.DirectMethodHandle$Holder.invokeStatic(java.lang.Object, java.lang.Object, java.lang.Object, java.lang.Object)'> (0x00000000a7c6cc60) 
thrown [s\open\src\hotspot\share\interpreter\linkResolver.cpp, line 774]
Event: 0.849 Thread 0x000001b1b8b87010 Exception <a 'sun/nio/fs/WindowsException'{0x00000000a7cf2408}> (0x00000000a7cf2408) 
thrown [s\open\src\hotspot\share\prims\jni.cpp, line 517]
Event: 0.869 Thread 0x000001b1b8b87010 Exception <a 'java/lang/ClassNotFoundException'{0x00000000a7cf8378}: sun/awt/resources/spi/awtProvider> (0x00000000a7cf8378) 
thrown [s\open\src\hotspot\share\classfile\systemDictionary.cpp, line 255]
Event: 1.004 Thread 0x000001b1b8b87010 Exception <a 'java/io/FileNotFoundException'{0x00000000a7b69de0}> (0x00000000a7b69de0) 
thrown [s\open\src\hotspot\share\prims\jni.cpp, line 517]
Event: 1.014 Thread 0x000001b1b8b87010 Exception <a 'java/io/FileNotFoundException'{0x00000000a7b965a0}> (0x00000000a7b965a0) 
thrown [s\open\src\hotspot\share\prims\jni.cpp, line 517]
Event: 1.200 Thread 0x000001b1b8b87010 Exception <a 'java/lang/NoSuchMethodError'{0x00000000a7be03e0}: 'java.lang.Object java.lang.invoke.DirectMethodHandle$Holder.invokeStaticInit(java.lang.Object)'> (0x00000000a7be03e0) 
thrown [s\open\src\hotspot\share\interpreter\linkResolver.cpp, line 774]
Event: 1.526 Thread 0x000001b1b8b87010 Exception <a 'java/lang/NoSuchMethodError'{0x00000000a79471a8}: 'java.lang.Object java.lang.invoke.DirectMethodHandle$Holder.newInvokeSpecial(java.lang.Object, java.lang.Object, java.lang.Object, java.lang.Object, java.lang.Object)'> (0x00000000a79471a8) 
thrown [s\open\src\hotspot\share\interpreter\linkResolver.cpp, line 774]
Event: 1.606 Thread 0x000001b1b8b87010 Exception <a 'java/lang/NoSuchMethodError'{0x00000000a7978f78}: 'java.lang.Object java.lang.invoke.DirectMethodHandle$Holder.invokeStatic(java.lang.Object, int, java.lang.Object)'> (0x00000000a7978f78) 
thrown [s\open\src\hotspot\share\interpreter\linkResolver.cpp, line 774]
Event: 1.703 Thread 0x000001b1b8b87010 Exception <a 'java/lang/ClassNotFoundException'{0x00000000a7834098}: com/sun/swing/internal/plaf/metal/resources/spi/metalProvider> (0x00000000a7834098) 
thrown [s\open\src\hotspot\share\classfile\systemDictionary.cpp, line 255]
Event: 1.706 Thread 0x000001b1b8b87010 Exception <a 'java/lang/ClassNotFoundException'{0x00000000a7837fc8}: com/sun/swing/internal/plaf/basic/resources/spi/basicProvider> (0x00000000a7837fc8) 
thrown [s\open\src\hotspot\share\classfile\systemDictionary.cpp, line 255]
Event: 1.731 Thread 0x000001b1b8b87010 Implicit null exception at 0x000001b1c85ebbd8 to 0x000001b1c85ebc66
Event: 1.749 Thread 0x000001b1b8b87010 Exception <a 'java/lang/NoSuchMethodError'{0x00000000a7857ca0}: 'int java.lang.invoke.Invokers$Holder.invokeExact_MT(java.lang.Object, java.lang.Object)'> (0x00000000a7857ca0) 
thrown [s\open\src\hotspot\share\interpreter\linkResolver.cpp, line 774]
Event: 1.756 Thread 0x000001b1b8b87010 Implicit null exception at 0x000001b1c85d5faf to 0x000001b1c85d6025

VM Operations (4 events):
Event: 0.408 Executing VM operation: HandshakeAllThreads
Event: 0.409 Executing VM operation: HandshakeAllThreads done
Event: 1.041 Executing VM operation: HandshakeAllThreads
Event: 1.041 Executing VM operation: HandshakeAllThreads done

Events (17 events):
Event: 0.071 Thread 0x000001b1b8b87010 Thread added: 0x000001b1b8b87010
Event: 0.128 Thread 0x000001b1da44b550 Thread added: 0x000001b1da44b550
Event: 0.128 Thread 0x000001b1da44d090 Thread added: 0x000001b1da44d090
Event: 0.130 Thread 0x000001b1da44e5e0 Thread added: 0x000001b1da44e5e0
Event: 0.130 Thread 0x000001b1da451330 Thread added: 0x000001b1da451330
Event: 0.130 Thread 0x000001b1da451c60 Thread added: 0x000001b1da451c60
Event: 0.130 Thread 0x000001b1da452590 Thread added: 0x000001b1da452590
Event: 0.130 Thread 0x000001b1da46c510 Thread added: 0x000001b1da46c510
Event: 0.131 Thread 0x000001b1da46d5c0 Thread added: 0x000001b1da46d5c0
Event: 0.131 Thread 0x000001b1da49b0c0 Thread added: 0x000001b1da49b0c0
Event: 0.238 Thread 0x000001b1da62d020 Thread added: 0x000001b1da62d020
Event: 0.426 Thread 0x000001b1da46bf80 Thread added: 0x000001b1da46bf80
Event: 0.466 Thread 0x000001b1da67bbc0 Thread added: 0x000001b1da67bbc0
Event: 0.833 Thread 0x000001b1da46bf80 Thread exited: 0x000001b1da46bf80
Event: 1.202 Thread 0x000001b1da967020 Thread added: 0x000001b1da967020
Event: 1.204 Thread 0x000001b1da9723c0 Thread added: 0x000001b1da9723c0
Event: 1.246 Thread 0x000001b1da852b70 Thread added: 0x000001b1da852b70


Dynamic libraries:
0x00007ff6530f0000 - 0x00007ff653100000 	C:\Program Files\Java\jdk-19\bin\javaw.exe
0x00007ff948750000 - 0x00007ff948964000 	C:\WINDOWS\SYSTEM32\ntdll.dll
0x00007ff946b00000 - 0x00007ff946bc4000 	C:\WINDOWS\System32\KERNEL32.DLL
0x00007ff945d40000 - 0x00007ff9460e4000 	C:\WINDOWS\System32\KERNELBASE.dll
0x00007ff945b80000 - 0x00007ff945c91000 	C:\WINDOWS\System32\ucrtbase.dll
0x00007ff93e810000 - 0x00007ff93e82b000 	C:\Program Files\Java\jdk-19\bin\VCRUNTIME140.dll
0x00007ff93e9c0000 - 0x00007ff93e9d8000 	C:\Program Files\Java\jdk-19\bin\jli.dll
0x00007ff9485b0000 - 0x00007ff948660000 	C:\WINDOWS\System32\ADVAPI32.dll
0x00007ff948660000 - 0x00007ff948707000 	C:\WINDOWS\System32\msvcrt.dll
0x00007ff947550000 - 0x00007ff9475f6000 	C:\WINDOWS\System32\sechost.dll
0x00007ff948490000 - 0x00007ff9485a7000 	C:\WINDOWS\System32\RPCRT4.dll
0x00007ff946610000 - 0x00007ff9467be000 	C:\WINDOWS\System32\USER32.dll
0x00007ff9462d0000 - 0x00007ff9462f6000 	C:\WINDOWS\System32\win32u.dll
0x00007ff92c220000 - 0x00007ff92c4b3000 	C:\WINDOWS\WinSxS\amd64_microsoft.windows.common-controls_6595b64144ccf1df_6.0.22621.2215_none_270d72677387dfc3\COMCTL32.dll
0x00007ff947520000 - 0x00007ff947549000 	C:\WINDOWS\System32\GDI32.dll
0x00007ff946300000 - 0x00007ff946418000 	C:\WINDOWS\System32\gdi32full.dll
0x00007ff945ca0000 - 0x00007ff945d3a000 	C:\WINDOWS\System32\msvcp_win.dll
0x00007ff93e300000 - 0x00007ff93e30a000 	C:\WINDOWS\SYSTEM32\VERSION.dll
0x00007ff947600000 - 0x00007ff947631000 	C:\WINDOWS\System32\IMM32.DLL
0x00007ff942890000 - 0x00007ff94289c000 	C:\Program Files\Java\jdk-19\bin\vcruntime140_1.dll
0x00007ff936e60000 - 0x00007ff936eee000 	C:\Program Files\Java\jdk-19\bin\msvcp140.dll
0x00007ff8d64b0000 - 0x00007ff8d7170000 	C:\Program Files\Java\jdk-19\bin\server\jvm.dll
0x00007ff93e490000 - 0x00007ff93e4c4000 	C:\WINDOWS\SYSTEM32\WINMM.dll
0x00007ff942080000 - 0x00007ff942089000 	C:\WINDOWS\SYSTEM32\WSOCK32.dll
0x00007ff9482b0000 - 0x00007ff948321000 	C:\WINDOWS\System32\WS2_32.dll
0x00007ff944b00000 - 0x00007ff944b18000 	C:\WINDOWS\SYSTEM32\kernel.appcore.dll
0x00007ff93ffc0000 - 0x00007ff93ffca000 	C:\Program Files\Java\jdk-19\bin\jimage.dll
0x00007ff943550000 - 0x00007ff94377e000 	C:\WINDOWS\SYSTEM32\DBGHELP.DLL
0x00007ff946bd0000 - 0x00007ff946f5a000 	C:\WINDOWS\System32\combase.dll
0x00007ff9481c0000 - 0x00007ff948297000 	C:\WINDOWS\System32\OLEAUT32.dll
0x00007ff9315b0000 - 0x00007ff9315e2000 	C:\WINDOWS\SYSTEM32\dbgcore.DLL
0x00007ff945b00000 - 0x00007ff945b7a000 	C:\WINDOWS\System32\bcryptPrimitives.dll
0x00007ff936e30000 - 0x00007ff936e56000 	C:\Program Files\Java\jdk-19\bin\java.dll
0x00007ff936d50000 - 0x00007ff936e27000 	C:\Program Files\Java\jdk-19\bin\jsvml.dll
0x00007ff947640000 - 0x00007ff947e63000 	C:\WINDOWS\System32\SHELL32.dll
0x00007ff943a90000 - 0x00007ff94437a000 	C:\WINDOWS\SYSTEM32\windows.storage.dll
0x00007ff943950000 - 0x00007ff943a8e000 	C:\WINDOWS\SYSTEM32\wintypes.dll
0x00007ff9480c0000 - 0x00007ff9481b3000 	C:\WINDOWS\System32\SHCORE.dll
0x00007ff948330000 - 0x00007ff94838e000 	C:\WINDOWS\System32\shlwapi.dll
0x00007ff945a30000 - 0x00007ff945a56000 	C:\WINDOWS\SYSTEM32\profapi.dll
0x00007ff93e4d0000 - 0x00007ff93e4e3000 	C:\Program Files\Java\jdk-19\bin\net.dll
0x00007ff93d970000 - 0x00007ff93daa7000 	C:\WINDOWS\SYSTEM32\WINHTTP.dll
0x00007ff944fd0000 - 0x00007ff945039000 	C:\WINDOWS\system32\mswsock.dll
0x00007ff936d30000 - 0x00007ff936d46000 	C:\Program Files\Java\jdk-19\bin\nio.dll
0x00007ff936d10000 - 0x00007ff936d28000 	C:\Program Files\Java\jdk-19\bin\zip.dll
0x00007ff90c180000 - 0x00007ff90c311000 	C:\Program Files\Java\jdk-19\bin\awt.dll
0x00007ff9429a0000 - 0x00007ff942a37000 	C:\WINDOWS\SYSTEM32\apphelp.dll
0x00007ff942f90000 - 0x00007ff942fbb000 	C:\WINDOWS\system32\DWMAPI.DLL
0x00007ff942b60000 - 0x00007ff942c0b000 	C:\WINDOWS\system32\uxtheme.dll
0x00007ff8fa2d0000 - 0x00007ff8fa3d0000 	C:\WINDOWS\system32\opengl32.dll
0x00007ff8fa200000 - 0x00007ff8fa22d000 	C:\WINDOWS\SYSTEM32\GLU32.dll
0x00007ff942e40000 - 0x00007ff942e78000 	C:\WINDOWS\SYSTEM32\dxcore.dll
0x00007ff9467c0000 - 0x00007ff946909000 	C:\WINDOWS\System32\MSCTF.dll
0x00007ff946960000 - 0x00007ff946afe000 	C:\WINDOWS\System32\ole32.dll
0x00007ff8fa450000 - 0x00007ff8fa5f9000 	C:\WINDOWS\system32\d3d9.dll
0x00007ff93acb0000 - 0x00007ff93ae6b000 	C:\WINDOWS\System32\DriverStore\FileRepository\u0390835.inf_amd64_66888840aa4163cc\B390488\aticfx64.dll
0x00007ff920a20000 - 0x00007ff920a54000 	C:\WINDOWS\System32\DriverStore\FileRepository\u0390835.inf_amd64_66888840aa4163cc\B390488\atiu9p64.dll
0x00007ff8d4480000 - 0x00007ff8d51d5000 	C:\WINDOWS\System32\DriverStore\FileRepository\u0390835.inf_amd64_66888840aa4163cc\B390488\atiumd64.dll
0x00007ff93abe0000 - 0x00007ff93ac15000 	C:\WINDOWS\SYSTEM32\amdihk64.dll
0x00007ff93ecf0000 - 0x00007ff93ed3a000 	C:\WINDOWS\SYSTEM32\directxdatabasehelper.dll

dbghelp: loaded successfully - version: 4.0.5 - missing functions: none
symbol engine: initialized successfully - sym options: 0x614 - pdb path: .;C:\Program Files\Java\jdk-19\bin;C:\WINDOWS\SYSTEM32;C:\WINDOWS\WinSxS\amd64_microsoft.windows.common-controls_6595b64144ccf1df_6.0.22621.2215_none_270d72677387dfc3;C:\Program Files\Java\jdk-19\bin\server;C:\WINDOWS\System32\DriverStore\FileRepository\u0390835.inf_amd64_66888840aa4163cc\B390488

VM Arguments:
jvm_args: -Dfile.encoding=UTF-8 --module-path=C:\Users\rajor\eclipse-workspace\BankManagementSystem\bin;C:\Users\rajor\eclipse-workspace\BankManagementSystem\src\drive-download-20230923T095932Z-001\jcalendar-tz-1.3.3-4.jar;C:\Users\rajor\OneDrive\Desktop\mysql-connector-j-8.1.0\mysql-connector-j-8.1.0\mysql-connector-j-8.1.0.jar -XX:+ShowCodeDetailsInExceptionMessages -Djdk.module.main=BankManagementSystem 
java_command: BankManagementSystem/bank.management.system.SignUpThree
java_class_path (initial): <not set>
Launcher Type: SUN_STANDARD

[Global flags]
     intx CICompilerCount                          = 4                                         {product} {ergonomic}
     uint ConcGCThreads                            = 2                                         {product} {ergonomic}
     uint G1ConcRefinementThreads                  = 8                                         {product} {ergonomic}
   size_t G1HeapRegionSize                         = 1048576                                   {product} {ergonomic}
    uintx GCDrainStackTargetSize                   = 64                                        {product} {ergonomic}
   size_t InitialHeapSize                          = 98566144                                  {product} {ergonomic}
   size_t MarkStackSize                            = 4194304                                   {product} {ergonomic}
   size_t MaxHeapSize                              = 1574961152                                {product} {ergonomic}
   size_t MaxNewSize                               = 944766976                                 {product} {ergonomic}
   size_t MinHeapDeltaBytes                        = 1048576                                   {product} {ergonomic}
   size_t MinHeapSize                              = 8388608                                   {product} {ergonomic}
    uintx NonNMethodCodeHeapSize                   = 5839372                                {pd product} {ergonomic}
    uintx NonProfiledCodeHeapSize                  = 122909434                              {pd product} {ergonomic}
    uintx ProfiledCodeHeapSize                     = 122909434                              {pd product} {ergonomic}
    uintx ReservedCodeCacheSize                    = 251658240                              {pd product} {ergonomic}
     bool SegmentedCodeCache                       = true                                      {product} {ergonomic}
     bool ShowCodeDetailsInExceptionMessages       = true                                   {manageable} {command line}
   size_t SoftMaxHeapSize                          = 1574961152                             {manageable} {ergonomic}
     bool UseCompressedClassPointers               = true                           {product lp64_product} {ergonomic}
     bool UseCompressedOops                        = true                           {product lp64_product} {ergonomic}
     bool UseG1GC                                  = true                                      {product} {ergonomic}
     bool UseLargePagesIndividualAllocation        = false                                  {pd product} {ergonomic}

Logging:
Log output configuration:
 #0: stdout all=warning uptime,level,tags foldmultilines=false
 #1: stderr all=off uptime,level,tags foldmultilines=false

Environment Variables:
PATH=C:\Program Files\Common Files\Oracle\Java\javapath;C:\WINDOWS\system32;C:\WINDOWS;C:\WINDOWS\System32\Wbem;C:\WINDOWS\System32\WindowsPowerShell\v1.0\;C:\WINDOWS\System32\OpenSSH\;C:\MinGW\bin;C:\Program Files\Java\jdk-19\bin;C:\Program Files\MySQL\MySQL Server 8.0;C:\Program Files\MySQL\MySQL Server 8.0\bin;C:\Users\rajor\Downloads\apache-maven-3.9.4-bin\apache-maven-3.9.4\bin;JAVA_HOME;C:\Program Files\MySQL\MySQL Shell 8.0\bin\;C:\Users\rajor\AppData\Local\Microsoft\WindowsApps;C:\Users\rajor\AppData\Local\Programs\Microsoft VS Code\bin
USERNAME=rajor
OS=Windows_NT
PROCESSOR_IDENTIFIER=AMD64 Family 23 Model 104 Stepping 1, AuthenticAMD
TMP=C:\Users\rajor\AppData\Local\Temp
TEMP=C:\Users\rajor\AppData\Local\Temp



---------------  S Y S T E M  ---------------

OS:
 Windows 11 , 64 bit Build 22621 (10.0.22621.2215)
OS uptime: 2 days 0:12 hours

CPU: total 8 (initial active 8) (8 cores per cpu, 2 threads per core) family 23 model 104 stepping 1 microcode 0x0, cx8, cmov, fxsr, ht, mmx, 3dnowpref, sse, sse2, sse3, ssse3, sse4a, sse4.1, sse4.2, popcnt, lzcnt, tsc, tscinvbit, avx, avx2, aes, clmul, bmi1, bmi2, adx, sha, fma, vzeroupper, clflush, clflushopt, rdtscp, rdpid

Memory: 4k page, system-wide physical 6006M (103M free)
TotalPageFile size 24438M (AvailPageFile size 0M)
current process WorkingSet (physical memory assigned to process): 51M, peak: 51M
current process commit charge ("private bytes"): 181M, peak: 187M

vm_info: Java HotSpot(TM) 64-Bit Server VM (19.0.2+7-44) for windows-amd64 JRE (19.0.2+7-44), built on 2022-11-30T18:02:09Z by "mach5one" with MS VC++ 17.1 (VS2022)

END.
